2024-05-06 06:16:09 - a22d04b2-1f9c-4a73-ac32-4e7ccbd7e272 - error: uncaughtException: listen EADDRINUSE: address already in use :::4000
Error: listen EADDRINUSE: address already in use :::4000
    at Server.setupListenHandle (node:net:1897:16)
    at Server._listen2 (/home/ditsdev152/Desktop/cab-booking/ride/node_modules/async-listener/index.js:97:23)
    at listenInCluster (node:net:1945:12)
    at Server.listen (node:net:2037:7)
    at Function.listen (/home/ditsdev152/Desktop/cab-booking/ride/node_modules/express/lib/application.js:635:24)
    at Object.<anonymous> (/home/ditsdev152/Desktop/cab-booking/ride/.dist/index.js:35:20)
    at Module._compile (node:internal/modules/cjs/loader:1369:14)
    at Module._extensions..js (node:internal/modules/cjs/loader:1427:10)
    at Module.load (node:internal/modules/cjs/loader:1206:32)
    at Module._load (node:internal/modules/cjs/loader:1022:12) {
  "error": {
    "code": "EADDRINUSE",
    "errno": -98,
    "syscall": "listen",
    "address": "::",
    "port": 4000
  },
  "stack": "Error: listen EADDRINUSE: address already in use :::4000\n    at Server.setupListenHandle (node:net:1897:16)\n    at Server._listen2 (/home/ditsdev152/Desktop/cab-booking/ride/node_modules/async-listener/index.js:97:23)\n    at listenInCluster (node:net:1945:12)\n    at Server.listen (node:net:2037:7)\n    at Function.listen (/home/ditsdev152/Desktop/cab-booking/ride/node_modules/express/lib/application.js:635:24)\n    at Object.<anonymous> (/home/ditsdev152/Desktop/cab-booking/ride/.dist/index.js:35:20)\n    at Module._compile (node:internal/modules/cjs/loader:1369:14)\n    at Module._extensions..js (node:internal/modules/cjs/loader:1427:10)\n    at Module.load (node:internal/modules/cjs/loader:1206:32)\n    at Module._load (node:internal/modules/cjs/loader:1022:12)",
  "exception": true,
  "date": "Mon May 06 2024 11:46:09 GMT+0530 (India Standard Time)",
  "process": {
    "pid": 16558,
    "uid": 1000,
    "gid": 1000,
    "cwd": "/home/ditsdev152/Desktop/cab-booking/ride",
    "execPath": "/home/ditsdev152/.nvm/versions/node/v20.12.0/bin/node",
    "version": "v20.12.0",
    "argv": [
      "/home/ditsdev152/.nvm/versions/node/v20.12.0/bin/node",
      "/home/ditsdev152/Desktop/cab-booking/ride/.dist/index.js"
    ],
    "memoryUsage": {
      "rss": 97996800,
      "heapTotal": 58318848,
      "heapUsed": 28438176,
      "external": 2422136,
      "arrayBuffers": 147430
    }
  },
  "os": {
    "loadavg": [
      3.2,
      1.85,
      1.36
    ],
    "uptime": 9755.07
  },
  "trace": [
    {
      "column": 16,
      "file": "node:net",
      "function": "Server.setupListenHandle",
      "line": 1897,
      "method": "setupListenHandle",
      "native": false
    },
    {
      "column": 23,
      "file": "/home/ditsdev152/Desktop/cab-booking/ride/node_modules/async-listener/index.js",
      "function": "Server._listen2",
      "line": 97,
      "method": "_listen2",
      "native": false
    },
    {
      "column": 12,
      "file": "node:net",
      "function": "listenInCluster",
      "line": 1945,
      "method": null,
      "native": false
    },
    {
      "column": 7,
      "file": "node:net",
      "function": "Server.listen",
      "line": 2037,
      "method": "listen",
      "native": false
    },
    {
      "column": 24,
      "file": "/home/ditsdev152/Desktop/cab-booking/ride/node_modules/express/lib/application.js",
      "function": "Function.listen",
      "line": 635,
      "method": "listen",
      "native": false
    },
    {
      "column": 20,
      "file": "/home/ditsdev152/Desktop/cab-booking/ride/.dist/index.js",
      "function": null,
      "line": 35,
      "method": null,
      "native": false
    },
    {
      "column": 14,
      "file": "node:internal/modules/cjs/loader",
      "function": "Module._compile",
      "line": 1369,
      "method": "_compile",
      "native": false
    },
    {
      "column": 10,
      "file": "node:internal/modules/cjs/loader",
      "function": "Module._extensions..js",
      "line": 1427,
      "method": ".js",
      "native": false
    },
    {
      "column": 32,
      "file": "node:internal/modules/cjs/loader",
      "function": "Module.load",
      "line": 1206,
      "method": "load",
      "native": false
    },
    {
      "column": 12,
      "file": "node:internal/modules/cjs/loader",
      "function": "Module._load",
      "line": 1022,
      "method": "_load",
      "native": false
    }
  ]
}
2024-05-06 07:46:19 - afdef906-031b-48e2-8fd0-db2ab80a70af - error: uncaughtException: listen EADDRINUSE: address already in use :::4000
Error: listen EADDRINUSE: address already in use :::4000
    at Server.setupListenHandle (node:net:1897:16)
    at Server._listen2 (/home/ditsdev152/Desktop/cab-booking/ride/node_modules/async-listener/index.js:97:23)
    at listenInCluster (node:net:1945:12)
    at Server.listen (node:net:2037:7)
    at Function.listen (/home/ditsdev152/Desktop/cab-booking/ride/node_modules/express/lib/application.js:635:24)
    at Object.<anonymous> (/home/ditsdev152/Desktop/cab-booking/ride/.dist/index.js:35:20)
    at Module._compile (node:internal/modules/cjs/loader:1369:14)
    at Module._extensions..js (node:internal/modules/cjs/loader:1427:10)
    at Module.load (node:internal/modules/cjs/loader:1206:32)
    at Module._load (node:internal/modules/cjs/loader:1022:12) {
  "error": {
    "code": "EADDRINUSE",
    "errno": -98,
    "syscall": "listen",
    "address": "::",
    "port": 4000
  },
  "stack": "Error: listen EADDRINUSE: address already in use :::4000\n    at Server.setupListenHandle (node:net:1897:16)\n    at Server._listen2 (/home/ditsdev152/Desktop/cab-booking/ride/node_modules/async-listener/index.js:97:23)\n    at listenInCluster (node:net:1945:12)\n    at Server.listen (node:net:2037:7)\n    at Function.listen (/home/ditsdev152/Desktop/cab-booking/ride/node_modules/express/lib/application.js:635:24)\n    at Object.<anonymous> (/home/ditsdev152/Desktop/cab-booking/ride/.dist/index.js:35:20)\n    at Module._compile (node:internal/modules/cjs/loader:1369:14)\n    at Module._extensions..js (node:internal/modules/cjs/loader:1427:10)\n    at Module.load (node:internal/modules/cjs/loader:1206:32)\n    at Module._load (node:internal/modules/cjs/loader:1022:12)",
  "exception": true,
  "date": "Mon May 06 2024 13:16:19 GMT+0530 (India Standard Time)",
  "process": {
    "pid": 29384,
    "uid": 1000,
    "gid": 1000,
    "cwd": "/home/ditsdev152/Desktop/cab-booking/ride",
    "execPath": "/home/ditsdev152/.nvm/versions/node/v20.12.0/bin/node",
    "version": "v20.12.0",
    "argv": [
      "/home/ditsdev152/.nvm/versions/node/v20.12.0/bin/node",
      "/home/ditsdev152/Desktop/cab-booking/ride/.dist/index.js"
    ],
    "memoryUsage": {
      "rss": 97329152,
      "heapTotal": 58056704,
      "heapUsed": 28541888,
      "external": 2422137,
      "arrayBuffers": 147431
    }
  },
  "os": {
    "loadavg": [
      3.41,
      1.97,
      1.43
    ],
    "uptime": 15165.1
  },
  "trace": [
    {
      "column": 16,
      "file": "node:net",
      "function": "Server.setupListenHandle",
      "line": 1897,
      "method": "setupListenHandle",
      "native": false
    },
    {
      "column": 23,
      "file": "/home/ditsdev152/Desktop/cab-booking/ride/node_modules/async-listener/index.js",
      "function": "Server._listen2",
      "line": 97,
      "method": "_listen2",
      "native": false
    },
    {
      "column": 12,
      "file": "node:net",
      "function": "listenInCluster",
      "line": 1945,
      "method": null,
      "native": false
    },
    {
      "column": 7,
      "file": "node:net",
      "function": "Server.listen",
      "line": 2037,
      "method": "listen",
      "native": false
    },
    {
      "column": 24,
      "file": "/home/ditsdev152/Desktop/cab-booking/ride/node_modules/express/lib/application.js",
      "function": "Function.listen",
      "line": 635,
      "method": "listen",
      "native": false
    },
    {
      "column": 20,
      "file": "/home/ditsdev152/Desktop/cab-booking/ride/.dist/index.js",
      "function": null,
      "line": 35,
      "method": null,
      "native": false
    },
    {
      "column": 14,
      "file": "node:internal/modules/cjs/loader",
      "function": "Module._compile",
      "line": 1369,
      "method": "_compile",
      "native": false
    },
    {
      "column": 10,
      "file": "node:internal/modules/cjs/loader",
      "function": "Module._extensions..js",
      "line": 1427,
      "method": ".js",
      "native": false
    },
    {
      "column": 32,
      "file": "node:internal/modules/cjs/loader",
      "function": "Module.load",
      "line": 1206,
      "method": "load",
      "native": false
    },
    {
      "column": 12,
      "file": "node:internal/modules/cjs/loader",
      "function": "Module._load",
      "line": 1022,
      "method": "_load",
      "native": false
    }
  ]
}
2024-05-06 07:48:16 - 11db8f2d-d9b7-4d4e-9713-1d3d634c29bb - error: uncaughtException: listen EADDRINUSE: address already in use :::4000
Error: listen EADDRINUSE: address already in use :::4000
    at Server.setupListenHandle (node:net:1897:16)
    at Server._listen2 (/home/ditsdev152/Desktop/cab-booking/ride/node_modules/async-listener/index.js:97:23)
    at listenInCluster (node:net:1945:12)
    at Server.listen (node:net:2037:7)
    at Function.listen (/home/ditsdev152/Desktop/cab-booking/ride/node_modules/express/lib/application.js:635:24)
    at Object.<anonymous> (/home/ditsdev152/Desktop/cab-booking/ride/.dist/index.js:35:20)
    at Module._compile (node:internal/modules/cjs/loader:1369:14)
    at Module._extensions..js (node:internal/modules/cjs/loader:1427:10)
    at Module.load (node:internal/modules/cjs/loader:1206:32)
    at Module._load (node:internal/modules/cjs/loader:1022:12) {
  "error": {
    "code": "EADDRINUSE",
    "errno": -98,
    "syscall": "listen",
    "address": "::",
    "port": 4000
  },
  "stack": "Error: listen EADDRINUSE: address already in use :::4000\n    at Server.setupListenHandle (node:net:1897:16)\n    at Server._listen2 (/home/ditsdev152/Desktop/cab-booking/ride/node_modules/async-listener/index.js:97:23)\n    at listenInCluster (node:net:1945:12)\n    at Server.listen (node:net:2037:7)\n    at Function.listen (/home/ditsdev152/Desktop/cab-booking/ride/node_modules/express/lib/application.js:635:24)\n    at Object.<anonymous> (/home/ditsdev152/Desktop/cab-booking/ride/.dist/index.js:35:20)\n    at Module._compile (node:internal/modules/cjs/loader:1369:14)\n    at Module._extensions..js (node:internal/modules/cjs/loader:1427:10)\n    at Module.load (node:internal/modules/cjs/loader:1206:32)\n    at Module._load (node:internal/modules/cjs/loader:1022:12)",
  "exception": true,
  "date": "Mon May 06 2024 13:18:16 GMT+0530 (India Standard Time)",
  "process": {
    "pid": 30410,
    "uid": 1000,
    "gid": 1000,
    "cwd": "/home/ditsdev152/Desktop/cab-booking/ride",
    "execPath": "/home/ditsdev152/.nvm/versions/node/v20.12.0/bin/node",
    "version": "v20.12.0",
    "argv": [
      "/home/ditsdev152/.nvm/versions/node/v20.12.0/bin/node",
      "/home/ditsdev152/Desktop/cab-booking/ride/.dist/index.js"
    ],
    "memoryUsage": {
      "rss": 97947648,
      "heapTotal": 58056704,
      "heapUsed": 28381408,
      "external": 2422138,
      "arrayBuffers": 147432
    }
  },
  "os": {
    "loadavg": [
      3.25,
      2.27,
      1.59
    ],
    "uptime": 15282.29
  },
  "trace": [
    {
      "column": 16,
      "file": "node:net",
      "function": "Server.setupListenHandle",
      "line": 1897,
      "method": "setupListenHandle",
      "native": false
    },
    {
      "column": 23,
      "file": "/home/ditsdev152/Desktop/cab-booking/ride/node_modules/async-listener/index.js",
      "function": "Server._listen2",
      "line": 97,
      "method": "_listen2",
      "native": false
    },
    {
      "column": 12,
      "file": "node:net",
      "function": "listenInCluster",
      "line": 1945,
      "method": null,
      "native": false
    },
    {
      "column": 7,
      "file": "node:net",
      "function": "Server.listen",
      "line": 2037,
      "method": "listen",
      "native": false
    },
    {
      "column": 24,
      "file": "/home/ditsdev152/Desktop/cab-booking/ride/node_modules/express/lib/application.js",
      "function": "Function.listen",
      "line": 635,
      "method": "listen",
      "native": false
    },
    {
      "column": 20,
      "file": "/home/ditsdev152/Desktop/cab-booking/ride/.dist/index.js",
      "function": null,
      "line": 35,
      "method": null,
      "native": false
    },
    {
      "column": 14,
      "file": "node:internal/modules/cjs/loader",
      "function": "Module._compile",
      "line": 1369,
      "method": "_compile",
      "native": false
    },
    {
      "column": 10,
      "file": "node:internal/modules/cjs/loader",
      "function": "Module._extensions..js",
      "line": 1427,
      "method": ".js",
      "native": false
    },
    {
      "column": 32,
      "file": "node:internal/modules/cjs/loader",
      "function": "Module.load",
      "line": 1206,
      "method": "load",
      "native": false
    },
    {
      "column": 12,
      "file": "node:internal/modules/cjs/loader",
      "function": "Module._load",
      "line": 1022,
      "method": "_load",
      "native": false
    }
  ]
}
