2024-04-25 09:43:16 - 10a3cd40-b77e-4f89-bba2-5d95adbe942f - error: notNull Violation: ride.driverId cannot be null {
  "name": "SequelizeValidationError",
  "errors": [
    {
      "message": "ride.driverId cannot be null",
      "type": "notNull Violation",
      "path": "driverId",
      "value": null,
      "origin": "CORE",
      "instance": {
        "id": "ff8b269a-e5b9-4f88-9956-3dc10d0ec1d3",
        "status": "isAvailable",
        "isDeleted": false,
        "from": "Starting Location",
        "to": "Destination",
        "time": "2024-04-30T12:00:00.000Z",
        "price": 125.99,
        "date": "2024-04-30T00:00:00.000Z",
        "updatedAt": "2024-04-25T09:43:16.941Z",
        "createdAt": "2024-04-25T09:43:16.941Z"
      },
      "validatorKey": "is_null",
      "validatorName": null,
      "validatorArgs": []
    }
  ]
}
2024-04-25 09:43:16 - 07cbed13-2759-40f1-931b-801bb87bfb73 - error: createRide rideController Error @ Error: 	notNull Violation: ride.driverId cannot be null 
2024-04-25 09:45:12 - bce24bbb-7f8a-4529-87fe-66d835cd4f40 - error: notNull Violation: ride.driverId cannot be null {
  "name": "SequelizeValidationError",
  "errors": [
    {
      "message": "ride.driverId cannot be null",
      "type": "notNull Violation",
      "path": "driverId",
      "value": null,
      "origin": "CORE",
      "instance": {
        "id": "e82c931e-0d8b-4187-ac7e-f9a25ece3967",
        "status": "isAvailable",
        "isDeleted": false,
        "from": "Starting Location",
        "to": "Destination",
        "time": "2024-04-30T12:00:00.000Z",
        "price": 125.99,
        "date": "2024-04-30T00:00:00.000Z",
        "updatedAt": "2024-04-25T09:45:12.473Z",
        "createdAt": "2024-04-25T09:45:12.473Z"
      },
      "validatorKey": "is_null",
      "validatorName": null,
      "validatorArgs": []
    }
  ]
}
2024-04-25 09:45:12 - b49f8eee-1e1c-4b2d-837d-c05df1a5585c - error: createRide rideController Error @ Error: 	notNull Violation: ride.driverId cannot be null 
