2024-05-02 11:31:31 - fe85d82f-7842-412e-ada0-38ab95268681 - error: uncaughtException: Unexpected end of JSON input
SyntaxError: Unexpected end of JSON input
    at JSON.parse (<anonymous>)
    at EventEmitter.<anonymous> (/home/ditsdev152/Desktop/cab-booking/ride/src/services/rideService.ts:106:47)
    at Object.onceWrapper (node:events:633:26)
    at EventEmitter.emit (node:events:518:28)
    at EventEmitter.emit (node:domain:488:12)
    at DataHandler.handleSubscriberReply (/home/ditsdev152/Desktop/cab-booking/ride/node_modules/ioredis/built/DataHandler.js:80:32)
    at DataHandler.returnReply (/home/ditsdev152/Desktop/cab-booking/ride/node_modules/ioredis/built/DataHandler.js:47:18)
    at JavascriptRedisParser.returnReply (/home/ditsdev152/Desktop/cab-booking/ride/node_modules/ioredis/built/DataHandler.js:21:22)
    at JavascriptRedisParser.execute (/home/ditsdev152/Desktop/cab-booking/ride/node_modules/redis-parser/lib/parser.js:544:14)
    at Socket.<anonymous> (/home/ditsdev152/Desktop/cab-booking/ride/node_modules/ioredis/built/DataHandler.js:25:20) {
  "error": {},
  "stack": "SyntaxError: Unexpected end of JSON input\n    at JSON.parse (<anonymous>)\n    at EventEmitter.<anonymous> (/home/ditsdev152/Desktop/cab-booking/ride/src/services/rideService.ts:106:47)\n    at Object.onceWrapper (node:events:633:26)\n    at EventEmitter.emit (node:events:518:28)\n    at EventEmitter.emit (node:domain:488:12)\n    at DataHandler.handleSubscriberReply (/home/ditsdev152/Desktop/cab-booking/ride/node_modules/ioredis/built/DataHandler.js:80:32)\n    at DataHandler.returnReply (/home/ditsdev152/Desktop/cab-booking/ride/node_modules/ioredis/built/DataHandler.js:47:18)\n    at JavascriptRedisParser.returnReply (/home/ditsdev152/Desktop/cab-booking/ride/node_modules/ioredis/built/DataHandler.js:21:22)\n    at JavascriptRedisParser.execute (/home/ditsdev152/Desktop/cab-booking/ride/node_modules/redis-parser/lib/parser.js:544:14)\n    at Socket.<anonymous> (/home/ditsdev152/Desktop/cab-booking/ride/node_modules/ioredis/built/DataHandler.js:25:20)",
  "exception": true,
  "date": "Thu May 02 2024 17:01:31 GMT+0530 (India Standard Time)",
  "process": {
    "pid": 31329,
    "uid": 1000,
    "gid": 1000,
    "cwd": "/home/ditsdev152/Desktop/cab-booking/ride",
    "execPath": "/home/ditsdev152/.nvm/versions/node/v20.12.0/bin/node",
    "version": "v20.12.0",
    "argv": [
      "/home/ditsdev152/.nvm/versions/node/v20.12.0/bin/ts-node",
      "/home/ditsdev152/Desktop/cab-booking/ride/index.ts"
    ],
    "memoryUsage": {
      "rss": 239910912,
      "heapTotal": 149352448,
      "heapUsed": 145665952,
      "external": 5385319,
      "arrayBuffers": 2489513
    }
  },
  "os": {
    "loadavg": [
      3.69,
      2.16,
      1.31
    ],
    "uptime": 28056.55
  },
  "trace": [
    {
      "column": null,
      "file": null,
      "function": "JSON.parse",
      "line": null,
      "method": "parse",
      "native": false
    },
    {
      "column": 47,
      "file": "/home/ditsdev152/Desktop/cab-booking/ride/src/services/rideService.ts",
      "function": null,
      "line": 106,
      "method": null,
      "native": false
    },
    {
      "column": 26,
      "file": "node:events",
      "function": "Object.onceWrapper",
      "line": 633,
      "method": "onceWrapper",
      "native": false
    },
    {
      "column": 28,
      "file": "node:events",
      "function": "EventEmitter.emit",
      "line": 518,
      "method": "emit",
      "native": false
    },
    {
      "column": 12,
      "file": "node:domain",
      "function": "EventEmitter.emit",
      "line": 488,
      "method": "emit",
      "native": false
    },
    {
      "column": 32,
      "file": "/home/ditsdev152/Desktop/cab-booking/ride/node_modules/ioredis/built/DataHandler.js",
      "function": "DataHandler.handleSubscriberReply",
      "line": 80,
      "method": "handleSubscriberReply",
      "native": false
    },
    {
      "column": 18,
      "file": "/home/ditsdev152/Desktop/cab-booking/ride/node_modules/ioredis/built/DataHandler.js",
      "function": "DataHandler.returnReply",
      "line": 47,
      "method": "returnReply",
      "native": false
    },
    {
      "column": 22,
      "file": "/home/ditsdev152/Desktop/cab-booking/ride/node_modules/ioredis/built/DataHandler.js",
      "function": "JavascriptRedisParser.returnReply",
      "line": 21,
      "method": "returnReply",
      "native": false
    },
    {
      "column": 14,
      "file": "/home/ditsdev152/Desktop/cab-booking/ride/node_modules/redis-parser/lib/parser.js",
      "function": "JavascriptRedisParser.execute",
      "line": 544,
      "method": "execute",
      "native": false
    },
    {
      "column": 20,
      "file": "/home/ditsdev152/Desktop/cab-booking/ride/node_modules/ioredis/built/DataHandler.js",
      "function": null,
      "line": 25,
      "method": null,
      "native": false
    }
  ]
}
2024-05-02 11:31:31 - bbfdd15a-7493-4c0e-9a04-0678bf89beb4 - error: uncaughtException: Unexpected end of JSON input
SyntaxError: Unexpected end of JSON input
    at JSON.parse (<anonymous>)
    at EventEmitter.<anonymous> (/home/ditsdev152/Desktop/cab-booking/ride/index.ts:30:69)
    at EventEmitter.emit (node:events:518:28)
    at EventEmitter.emit (node:domain:488:12)
    at DataHandler.handleSubscriberReply (/home/ditsdev152/Desktop/cab-booking/ride/node_modules/ioredis/built/DataHandler.js:80:32)
    at DataHandler.returnReply (/home/ditsdev152/Desktop/cab-booking/ride/node_modules/ioredis/built/DataHandler.js:47:18)
    at JavascriptRedisParser.returnReply (/home/ditsdev152/Desktop/cab-booking/ride/node_modules/ioredis/built/DataHandler.js:21:22)
    at JavascriptRedisParser.execute (/home/ditsdev152/Desktop/cab-booking/ride/node_modules/redis-parser/lib/parser.js:544:14)
    at Socket.<anonymous> (/home/ditsdev152/Desktop/cab-booking/ride/node_modules/ioredis/built/DataHandler.js:25:20)
    at Socket.emit (node:events:518:28) {
  "error": {},
  "stack": "SyntaxError: Unexpected end of JSON input\n    at JSON.parse (<anonymous>)\n    at EventEmitter.<anonymous> (/home/ditsdev152/Desktop/cab-booking/ride/index.ts:30:69)\n    at EventEmitter.emit (node:events:518:28)\n    at EventEmitter.emit (node:domain:488:12)\n    at DataHandler.handleSubscriberReply (/home/ditsdev152/Desktop/cab-booking/ride/node_modules/ioredis/built/DataHandler.js:80:32)\n    at DataHandler.returnReply (/home/ditsdev152/Desktop/cab-booking/ride/node_modules/ioredis/built/DataHandler.js:47:18)\n    at JavascriptRedisParser.returnReply (/home/ditsdev152/Desktop/cab-booking/ride/node_modules/ioredis/built/DataHandler.js:21:22)\n    at JavascriptRedisParser.execute (/home/ditsdev152/Desktop/cab-booking/ride/node_modules/redis-parser/lib/parser.js:544:14)\n    at Socket.<anonymous> (/home/ditsdev152/Desktop/cab-booking/ride/node_modules/ioredis/built/DataHandler.js:25:20)\n    at Socket.emit (node:events:518:28)",
  "exception": true,
  "date": "Thu May 02 2024 17:01:31 GMT+0530 (India Standard Time)",
  "process": {
    "pid": 31329,
    "uid": 1000,
    "gid": 1000,
    "cwd": "/home/ditsdev152/Desktop/cab-booking/ride",
    "execPath": "/home/ditsdev152/.nvm/versions/node/v20.12.0/bin/node",
    "version": "v20.12.0",
    "argv": [
      "/home/ditsdev152/.nvm/versions/node/v20.12.0/bin/ts-node",
      "/home/ditsdev152/Desktop/cab-booking/ride/index.ts"
    ],
    "memoryUsage": {
      "rss": 239910912,
      "heapTotal": 149352448,
      "heapUsed": 145883816,
      "external": 5395152,
      "arrayBuffers": 2499346
    }
  },
  "os": {
    "loadavg": [
      3.69,
      2.16,
      1.31
    ],
    "uptime": 28056.55
  },
  "trace": [
    {
      "column": null,
      "file": null,
      "function": "JSON.parse",
      "line": null,
      "method": "parse",
      "native": false
    },
    {
      "column": 69,
      "file": "/home/ditsdev152/Desktop/cab-booking/ride/index.ts",
      "function": null,
      "line": 30,
      "method": null,
      "native": false
    },
    {
      "column": 28,
      "file": "node:events",
      "function": "EventEmitter.emit",
      "line": 518,
      "method": "emit",
      "native": false
    },
    {
      "column": 12,
      "file": "node:domain",
      "function": "EventEmitter.emit",
      "line": 488,
      "method": "emit",
      "native": false
    },
    {
      "column": 32,
      "file": "/home/ditsdev152/Desktop/cab-booking/ride/node_modules/ioredis/built/DataHandler.js",
      "function": "DataHandler.handleSubscriberReply",
      "line": 80,
      "method": "handleSubscriberReply",
      "native": false
    },
    {
      "column": 18,
      "file": "/home/ditsdev152/Desktop/cab-booking/ride/node_modules/ioredis/built/DataHandler.js",
      "function": "DataHandler.returnReply",
      "line": 47,
      "method": "returnReply",
      "native": false
    },
    {
      "column": 22,
      "file": "/home/ditsdev152/Desktop/cab-booking/ride/node_modules/ioredis/built/DataHandler.js",
      "function": "JavascriptRedisParser.returnReply",
      "line": 21,
      "method": "returnReply",
      "native": false
    },
    {
      "column": 14,
      "file": "/home/ditsdev152/Desktop/cab-booking/ride/node_modules/redis-parser/lib/parser.js",
      "function": "JavascriptRedisParser.execute",
      "line": 544,
      "method": "execute",
      "native": false
    },
    {
      "column": 20,
      "file": "/home/ditsdev152/Desktop/cab-booking/ride/node_modules/ioredis/built/DataHandler.js",
      "function": null,
      "line": 25,
      "method": null,
      "native": false
    },
    {
      "column": 28,
      "file": "node:events",
      "function": "Socket.emit",
      "line": 518,
      "method": "emit",
      "native": false
    }
  ]
}
2024-05-02 12:23:13 - 9affc983-3dd2-45b0-89d4-3f388dcced18 - error: uncaughtException: Redis.quit is not a function
TypeError: Redis.quit is not a function
    at process.<anonymous> (/home/ditsdev152/Desktop/cab-booking/ride/index.ts:51:17)
    at process.emit (node:events:518:28)
    at process.emit (node:domain:488:12)
    at process.emit.sharedData.processEmitHook.installedValue [as emit] (/home/ditsdev152/.nvm/versions/node/v20.12.0/lib/node_modules/ts-node/node_modules/@cspotcode/source-map-support/source-map-support.js:745:40)
    at Signal.callbackTrampoline (node:internal/async_hooks:130:17) {
  "error": {},
  "stack": "TypeError: Redis.quit is not a function\n    at process.<anonymous> (/home/ditsdev152/Desktop/cab-booking/ride/index.ts:51:17)\n    at process.emit (node:events:518:28)\n    at process.emit (node:domain:488:12)\n    at process.emit.sharedData.processEmitHook.installedValue [as emit] (/home/ditsdev152/.nvm/versions/node/v20.12.0/lib/node_modules/ts-node/node_modules/@cspotcode/source-map-support/source-map-support.js:745:40)\n    at Signal.callbackTrampoline (node:internal/async_hooks:130:17)",
  "exception": true,
  "date": "Thu May 02 2024 17:53:13 GMT+0530 (India Standard Time)",
  "process": {
    "pid": 32355,
    "uid": 1000,
    "gid": 1000,
    "cwd": "/home/ditsdev152/Desktop/cab-booking/ride",
    "execPath": "/home/ditsdev152/.nvm/versions/node/v20.12.0/bin/node",
    "version": "v20.12.0",
    "argv": [
      "/home/ditsdev152/.nvm/versions/node/v20.12.0/bin/ts-node",
      "/home/ditsdev152/Desktop/cab-booking/ride/index.ts"
    ],
    "memoryUsage": {
      "rss": 232288256,
      "heapTotal": 153022464,
      "heapUsed": 145953976,
      "external": 6647608,
      "arrayBuffers": 3751802
    }
  },
  "os": {
    "loadavg": [
      1.27,
      0.96,
      0.86
    ],
    "uptime": 31159.06
  },
  "trace": [
    {
      "column": 17,
      "file": "/home/ditsdev152/Desktop/cab-booking/ride/index.ts",
      "function": null,
      "line": 51,
      "method": null,
      "native": false
    },
    {
      "column": 28,
      "file": "node:events",
      "function": "process.emit",
      "line": 518,
      "method": "emit",
      "native": false
    },
    {
      "column": 12,
      "file": "node:domain",
      "function": "process.emit",
      "line": 488,
      "method": "emit",
      "native": false
    },
    {
      "column": 40,
      "file": "/home/ditsdev152/.nvm/versions/node/v20.12.0/lib/node_modules/ts-node/node_modules/@cspotcode/source-map-support/source-map-support.js",
      "function": "process.emit.sharedData.processEmitHook.installedValue [as emit]",
      "line": 745,
      "method": "installedValue [as emit]",
      "native": false
    },
    {
      "column": 17,
      "file": "node:internal/async_hooks",
      "function": "Signal.callbackTrampoline",
      "line": 130,
      "method": "callbackTrampoline",
      "native": false
    }
  ]
}
2024-05-02 12:23:13 - 42181f73-730d-4285-959d-09003e5c15cb - error: uncaughtException: Redis.quit is not a function
TypeError: Redis.quit is not a function
    at process.<anonymous> (/home/ditsdev152/Desktop/cab-booking/ride/index.ts:51:17)
    at process.emit (node:events:518:28)
    at process.emit (node:domain:488:12)
    at process.emit.sharedData.processEmitHook.installedValue [as emit] (/home/ditsdev152/.nvm/versions/node/v20.12.0/lib/node_modules/ts-node/node_modules/@cspotcode/source-map-support/source-map-support.js:745:40)
    at Signal.callbackTrampoline (node:internal/async_hooks:130:17) {
  "error": {},
  "stack": "TypeError: Redis.quit is not a function\n    at process.<anonymous> (/home/ditsdev152/Desktop/cab-booking/ride/index.ts:51:17)\n    at process.emit (node:events:518:28)\n    at process.emit (node:domain:488:12)\n    at process.emit.sharedData.processEmitHook.installedValue [as emit] (/home/ditsdev152/.nvm/versions/node/v20.12.0/lib/node_modules/ts-node/node_modules/@cspotcode/source-map-support/source-map-support.js:745:40)\n    at Signal.callbackTrampoline (node:internal/async_hooks:130:17)",
  "exception": true,
  "date": "Thu May 02 2024 17:53:13 GMT+0530 (India Standard Time)",
  "process": {
    "pid": 32355,
    "uid": 1000,
    "gid": 1000,
    "cwd": "/home/ditsdev152/Desktop/cab-booking/ride",
    "execPath": "/home/ditsdev152/.nvm/versions/node/v20.12.0/bin/node",
    "version": "v20.12.0",
    "argv": [
      "/home/ditsdev152/.nvm/versions/node/v20.12.0/bin/ts-node",
      "/home/ditsdev152/Desktop/cab-booking/ride/index.ts"
    ],
    "memoryUsage": {
      "rss": 232419328,
      "heapTotal": 153022464,
      "heapUsed": 146076648,
      "external": 6655800,
      "arrayBuffers": 3759994
    }
  },
  "os": {
    "loadavg": [
      1.27,
      0.96,
      0.86
    ],
    "uptime": 31159.07
  },
  "trace": [
    {
      "column": 17,
      "file": "/home/ditsdev152/Desktop/cab-booking/ride/index.ts",
      "function": null,
      "line": 51,
      "method": null,
      "native": false
    },
    {
      "column": 28,
      "file": "node:events",
      "function": "process.emit",
      "line": 518,
      "method": "emit",
      "native": false
    },
    {
      "column": 12,
      "file": "node:domain",
      "function": "process.emit",
      "line": 488,
      "method": "emit",
      "native": false
    },
    {
      "column": 40,
      "file": "/home/ditsdev152/.nvm/versions/node/v20.12.0/lib/node_modules/ts-node/node_modules/@cspotcode/source-map-support/source-map-support.js",
      "function": "process.emit.sharedData.processEmitHook.installedValue [as emit]",
      "line": 745,
      "method": "installedValue [as emit]",
      "native": false
    },
    {
      "column": 17,
      "file": "node:internal/async_hooks",
      "function": "Signal.callbackTrampoline",
      "line": 130,
      "method": "callbackTrampoline",
      "native": false
    }
  ]
}
2024-05-02 15:34:10 - 1c377961-3ace-471c-9cdf-9994c2a706d1 - error: uncaughtException: Unexpected end of JSON input
SyntaxError: Unexpected end of JSON input
    at JSON.parse (<anonymous>)
    at EventEmitter.<anonymous> (/home/ditsdev152/Desktop/cab-booking/ride/src/services/rideService.ts:34:47)
    at Object.onceWrapper (node:events:633:26)
    at EventEmitter.emit (node:events:518:28)
    at EventEmitter.emit (node:domain:488:12)
    at DataHandler.handleSubscriberReply (/home/ditsdev152/Desktop/cab-booking/ride/node_modules/ioredis/built/DataHandler.js:80:32)
    at DataHandler.returnReply (/home/ditsdev152/Desktop/cab-booking/ride/node_modules/ioredis/built/DataHandler.js:47:18)
    at JavascriptRedisParser.returnReply (/home/ditsdev152/Desktop/cab-booking/ride/node_modules/ioredis/built/DataHandler.js:21:22)
    at JavascriptRedisParser.execute (/home/ditsdev152/Desktop/cab-booking/ride/node_modules/redis-parser/lib/parser.js:544:14)
    at Socket.<anonymous> (/home/ditsdev152/Desktop/cab-booking/ride/node_modules/ioredis/built/DataHandler.js:25:20) {
  "error": {},
  "stack": "SyntaxError: Unexpected end of JSON input\n    at JSON.parse (<anonymous>)\n    at EventEmitter.<anonymous> (/home/ditsdev152/Desktop/cab-booking/ride/src/services/rideService.ts:34:47)\n    at Object.onceWrapper (node:events:633:26)\n    at EventEmitter.emit (node:events:518:28)\n    at EventEmitter.emit (node:domain:488:12)\n    at DataHandler.handleSubscriberReply (/home/ditsdev152/Desktop/cab-booking/ride/node_modules/ioredis/built/DataHandler.js:80:32)\n    at DataHandler.returnReply (/home/ditsdev152/Desktop/cab-booking/ride/node_modules/ioredis/built/DataHandler.js:47:18)\n    at JavascriptRedisParser.returnReply (/home/ditsdev152/Desktop/cab-booking/ride/node_modules/ioredis/built/DataHandler.js:21:22)\n    at JavascriptRedisParser.execute (/home/ditsdev152/Desktop/cab-booking/ride/node_modules/redis-parser/lib/parser.js:544:14)\n    at Socket.<anonymous> (/home/ditsdev152/Desktop/cab-booking/ride/node_modules/ioredis/built/DataHandler.js:25:20)",
  "exception": true,
  "date": "Thu May 02 2024 21:04:10 GMT+0530 (India Standard Time)",
  "process": {
    "pid": 58526,
    "uid": 1000,
    "gid": 1000,
    "cwd": "/home/ditsdev152/Desktop/cab-booking/ride",
    "execPath": "/home/ditsdev152/.nvm/versions/node/v20.12.0/bin/node",
    "version": "v20.12.0",
    "argv": [
      "/home/ditsdev152/.nvm/versions/node/v20.12.0/bin/ts-node",
      "/home/ditsdev152/Desktop/cab-booking/ride/index.ts"
    ],
    "memoryUsage": {
      "rss": 234336256,
      "heapTotal": 151973888,
      "heapUsed": 147406280,
      "external": 6560539,
      "arrayBuffers": 3667807
    }
  },
  "os": {
    "loadavg": [
      3.17,
      3.16,
      2.79
    ],
    "uptime": 42614.4
  },
  "trace": [
    {
      "column": null,
      "file": null,
      "function": "JSON.parse",
      "line": null,
      "method": "parse",
      "native": false
    },
    {
      "column": 47,
      "file": "/home/ditsdev152/Desktop/cab-booking/ride/src/services/rideService.ts",
      "function": null,
      "line": 34,
      "method": null,
      "native": false
    },
    {
      "column": 26,
      "file": "node:events",
      "function": "Object.onceWrapper",
      "line": 633,
      "method": "onceWrapper",
      "native": false
    },
    {
      "column": 28,
      "file": "node:events",
      "function": "EventEmitter.emit",
      "line": 518,
      "method": "emit",
      "native": false
    },
    {
      "column": 12,
      "file": "node:domain",
      "function": "EventEmitter.emit",
      "line": 488,
      "method": "emit",
      "native": false
    },
    {
      "column": 32,
      "file": "/home/ditsdev152/Desktop/cab-booking/ride/node_modules/ioredis/built/DataHandler.js",
      "function": "DataHandler.handleSubscriberReply",
      "line": 80,
      "method": "handleSubscriberReply",
      "native": false
    },
    {
      "column": 18,
      "file": "/home/ditsdev152/Desktop/cab-booking/ride/node_modules/ioredis/built/DataHandler.js",
      "function": "DataHandler.returnReply",
      "line": 47,
      "method": "returnReply",
      "native": false
    },
    {
      "column": 22,
      "file": "/home/ditsdev152/Desktop/cab-booking/ride/node_modules/ioredis/built/DataHandler.js",
      "function": "JavascriptRedisParser.returnReply",
      "line": 21,
      "method": "returnReply",
      "native": false
    },
    {
      "column": 14,
      "file": "/home/ditsdev152/Desktop/cab-booking/ride/node_modules/redis-parser/lib/parser.js",
      "function": "JavascriptRedisParser.execute",
      "line": 544,
      "method": "execute",
      "native": false
    },
    {
      "column": 20,
      "file": "/home/ditsdev152/Desktop/cab-booking/ride/node_modules/ioredis/built/DataHandler.js",
      "function": null,
      "line": 25,
      "method": null,
      "native": false
    }
  ]
}
2024-05-02 15:34:10 - faa4cf4a-9fca-4978-8096-bcd95be60128 - error: uncaughtException: Unexpected end of JSON input
SyntaxError: Unexpected end of JSON input
    at JSON.parse (<anonymous>)
    at EventEmitter.<anonymous> (/home/ditsdev152/Desktop/cab-booking/ride/index.ts:30:69)
    at EventEmitter.emit (node:events:518:28)
    at EventEmitter.emit (node:domain:488:12)
    at DataHandler.handleSubscriberReply (/home/ditsdev152/Desktop/cab-booking/ride/node_modules/ioredis/built/DataHandler.js:80:32)
    at DataHandler.returnReply (/home/ditsdev152/Desktop/cab-booking/ride/node_modules/ioredis/built/DataHandler.js:47:18)
    at JavascriptRedisParser.returnReply (/home/ditsdev152/Desktop/cab-booking/ride/node_modules/ioredis/built/DataHandler.js:21:22)
    at JavascriptRedisParser.execute (/home/ditsdev152/Desktop/cab-booking/ride/node_modules/redis-parser/lib/parser.js:544:14)
    at Socket.<anonymous> (/home/ditsdev152/Desktop/cab-booking/ride/node_modules/ioredis/built/DataHandler.js:25:20)
    at Socket.emit (node:events:518:28) {
  "error": {},
  "stack": "SyntaxError: Unexpected end of JSON input\n    at JSON.parse (<anonymous>)\n    at EventEmitter.<anonymous> (/home/ditsdev152/Desktop/cab-booking/ride/index.ts:30:69)\n    at EventEmitter.emit (node:events:518:28)\n    at EventEmitter.emit (node:domain:488:12)\n    at DataHandler.handleSubscriberReply (/home/ditsdev152/Desktop/cab-booking/ride/node_modules/ioredis/built/DataHandler.js:80:32)\n    at DataHandler.returnReply (/home/ditsdev152/Desktop/cab-booking/ride/node_modules/ioredis/built/DataHandler.js:47:18)\n    at JavascriptRedisParser.returnReply (/home/ditsdev152/Desktop/cab-booking/ride/node_modules/ioredis/built/DataHandler.js:21:22)\n    at JavascriptRedisParser.execute (/home/ditsdev152/Desktop/cab-booking/ride/node_modules/redis-parser/lib/parser.js:544:14)\n    at Socket.<anonymous> (/home/ditsdev152/Desktop/cab-booking/ride/node_modules/ioredis/built/DataHandler.js:25:20)\n    at Socket.emit (node:events:518:28)",
  "exception": true,
  "date": "Thu May 02 2024 21:04:10 GMT+0530 (India Standard Time)",
  "process": {
    "pid": 58526,
    "uid": 1000,
    "gid": 1000,
    "cwd": "/home/ditsdev152/Desktop/cab-booking/ride",
    "execPath": "/home/ditsdev152/.nvm/versions/node/v20.12.0/bin/node",
    "version": "v20.12.0",
    "argv": [
      "/home/ditsdev152/.nvm/versions/node/v20.12.0/bin/ts-node",
      "/home/ditsdev152/Desktop/cab-booking/ride/index.ts"
    ],
    "memoryUsage": {
      "rss": 234467328,
      "heapTotal": 151973888,
      "heapUsed": 147615264,
      "external": 6578560,
      "arrayBuffers": 3685828
    }
  },
  "os": {
    "loadavg": [
      3.17,
      3.16,
      2.79
    ],
    "uptime": 42614.41
  },
  "trace": [
    {
      "column": null,
      "file": null,
      "function": "JSON.parse",
      "line": null,
      "method": "parse",
      "native": false
    },
    {
      "column": 69,
      "file": "/home/ditsdev152/Desktop/cab-booking/ride/index.ts",
      "function": null,
      "line": 30,
      "method": null,
      "native": false
    },
    {
      "column": 28,
      "file": "node:events",
      "function": "EventEmitter.emit",
      "line": 518,
      "method": "emit",
      "native": false
    },
    {
      "column": 12,
      "file": "node:domain",
      "function": "EventEmitter.emit",
      "line": 488,
      "method": "emit",
      "native": false
    },
    {
      "column": 32,
      "file": "/home/ditsdev152/Desktop/cab-booking/ride/node_modules/ioredis/built/DataHandler.js",
      "function": "DataHandler.handleSubscriberReply",
      "line": 80,
      "method": "handleSubscriberReply",
      "native": false
    },
    {
      "column": 18,
      "file": "/home/ditsdev152/Desktop/cab-booking/ride/node_modules/ioredis/built/DataHandler.js",
      "function": "DataHandler.returnReply",
      "line": 47,
      "method": "returnReply",
      "native": false
    },
    {
      "column": 22,
      "file": "/home/ditsdev152/Desktop/cab-booking/ride/node_modules/ioredis/built/DataHandler.js",
      "function": "JavascriptRedisParser.returnReply",
      "line": 21,
      "method": "returnReply",
      "native": false
    },
    {
      "column": 14,
      "file": "/home/ditsdev152/Desktop/cab-booking/ride/node_modules/redis-parser/lib/parser.js",
      "function": "JavascriptRedisParser.execute",
      "line": 544,
      "method": "execute",
      "native": false
    },
    {
      "column": 20,
      "file": "/home/ditsdev152/Desktop/cab-booking/ride/node_modules/ioredis/built/DataHandler.js",
      "function": null,
      "line": 25,
      "method": null,
      "native": false
    },
    {
      "column": 28,
      "file": "node:events",
      "function": "Socket.emit",
      "line": 518,
      "method": "emit",
      "native": false
    }
  ]
}
2024-05-02 16:22:53 - 477cfc0c-75fc-44c8-95aa-d7aa9a01522b - error: uncaughtException: Cannot find module 'src/redis/redisResponse'
Require stack:
- /home/ditsdev152/Desktop/cab-booking/ride/src/services/rideService.ts
- /home/ditsdev152/Desktop/cab-booking/ride/src/controllers/rideController.ts
- /home/ditsdev152/Desktop/cab-booking/ride/src/routes/rideRoutes.ts
- /home/ditsdev152/Desktop/cab-booking/ride/index.ts
Error: Cannot find module 'src/redis/redisResponse'
Require stack:
- /home/ditsdev152/Desktop/cab-booking/ride/src/services/rideService.ts
- /home/ditsdev152/Desktop/cab-booking/ride/src/controllers/rideController.ts
- /home/ditsdev152/Desktop/cab-booking/ride/src/routes/rideRoutes.ts
- /home/ditsdev152/Desktop/cab-booking/ride/index.ts
    at Function.Module._resolveFilename (node:internal/modules/cjs/loader:1143:15)
    at Function.Module._resolveFilename.sharedData.moduleResolveFilenameHook.installedValue [as _resolveFilename] (/home/ditsdev152/.nvm/versions/node/v20.12.0/lib/node_modules/ts-node/node_modules/@cspotcode/source-map-support/source-map-support.js:811:30)
    at Function.Module._load (node:internal/modules/cjs/loader:984:27)
    at Module.require (node:internal/modules/cjs/loader:1231:19)
    at require (node:internal/modules/helpers:179:18)
    at Object.<anonymous> (/home/ditsdev152/Desktop/cab-booking/ride/src/services/rideService.ts:5:1)
    at Module._compile (node:internal/modules/cjs/loader:1369:14)
    at Module.m._compile (/home/ditsdev152/.nvm/versions/node/v20.12.0/lib/node_modules/ts-node/src/index.ts:1618:23)
    at Module._extensions..js (node:internal/modules/cjs/loader:1427:10)
    at Object.require.extensions.<computed> [as .ts] (/home/ditsdev152/.nvm/versions/node/v20.12.0/lib/node_modules/ts-node/src/index.ts:1621:12) {
  "error": {
    "code": "MODULE_NOT_FOUND",
    "requireStack": [
      "/home/ditsdev152/Desktop/cab-booking/ride/src/services/rideService.ts",
      "/home/ditsdev152/Desktop/cab-booking/ride/src/controllers/rideController.ts",
      "/home/ditsdev152/Desktop/cab-booking/ride/src/routes/rideRoutes.ts",
      "/home/ditsdev152/Desktop/cab-booking/ride/index.ts"
    ]
  },
  "stack": "Error: Cannot find module 'src/redis/redisResponse'\nRequire stack:\n- /home/ditsdev152/Desktop/cab-booking/ride/src/services/rideService.ts\n- /home/ditsdev152/Desktop/cab-booking/ride/src/controllers/rideController.ts\n- /home/ditsdev152/Desktop/cab-booking/ride/src/routes/rideRoutes.ts\n- /home/ditsdev152/Desktop/cab-booking/ride/index.ts\n    at Function.Module._resolveFilename (node:internal/modules/cjs/loader:1143:15)\n    at Function.Module._resolveFilename.sharedData.moduleResolveFilenameHook.installedValue [as _resolveFilename] (/home/ditsdev152/.nvm/versions/node/v20.12.0/lib/node_modules/ts-node/node_modules/@cspotcode/source-map-support/source-map-support.js:811:30)\n    at Function.Module._load (node:internal/modules/cjs/loader:984:27)\n    at Module.require (node:internal/modules/cjs/loader:1231:19)\n    at require (node:internal/modules/helpers:179:18)\n    at Object.<anonymous> (/home/ditsdev152/Desktop/cab-booking/ride/src/services/rideService.ts:5:1)\n    at Module._compile (node:internal/modules/cjs/loader:1369:14)\n    at Module.m._compile (/home/ditsdev152/.nvm/versions/node/v20.12.0/lib/node_modules/ts-node/src/index.ts:1618:23)\n    at Module._extensions..js (node:internal/modules/cjs/loader:1427:10)\n    at Object.require.extensions.<computed> [as .ts] (/home/ditsdev152/.nvm/versions/node/v20.12.0/lib/node_modules/ts-node/src/index.ts:1621:12)",
  "exception": true,
  "date": "Thu May 02 2024 21:52:53 GMT+0530 (India Standard Time)",
  "process": {
    "pid": 75390,
    "uid": 1000,
    "gid": 1000,
    "cwd": "/home/ditsdev152/Desktop/cab-booking/ride",
    "execPath": "/home/ditsdev152/.nvm/versions/node/v20.12.0/bin/node",
    "version": "v20.12.0",
    "argv": [
      "/home/ditsdev152/.nvm/versions/node/v20.12.0/bin/ts-node",
      "/home/ditsdev152/Desktop/cab-booking/ride/index.ts"
    ],
    "memoryUsage": {
      "rss": 276447232,
      "heapTotal": 186531840,
      "heapUsed": 162664416,
      "external": 4244818,
      "arrayBuffers": 1369118
    }
  },
  "os": {
    "loadavg": [
      3.87,
      3.74,
      3.18
    ],
    "uptime": 45537.47
  },
  "trace": [
    {
      "column": 15,
      "file": "node:internal/modules/cjs/loader",
      "function": "Module._resolveFilename",
      "line": 1143,
      "method": "_resolveFilename",
      "native": false
    },
    {
      "column": 30,
      "file": "/home/ditsdev152/.nvm/versions/node/v20.12.0/lib/node_modules/ts-node/node_modules/@cspotcode/source-map-support/source-map-support.js",
      "function": "Module._resolveFilename.sharedData.moduleResolveFilenameHook.installedValue [as _resolveFilename]",
      "line": 811,
      "method": "installedValue [as _resolveFilename]",
      "native": false
    },
    {
      "column": 27,
      "file": "node:internal/modules/cjs/loader",
      "function": "Module._load",
      "line": 984,
      "method": "_load",
      "native": false
    },
    {
      "column": 19,
      "file": "node:internal/modules/cjs/loader",
      "function": "Module.require",
      "line": 1231,
      "method": "require",
      "native": false
    },
    {
      "column": 18,
      "file": "node:internal/modules/helpers",
      "function": "require",
      "line": 179,
      "method": null,
      "native": false
    },
    {
      "column": 1,
      "file": "/home/ditsdev152/Desktop/cab-booking/ride/src/services/rideService.ts",
      "function": null,
      "line": 5,
      "method": null,
      "native": false
    },
    {
      "column": 14,
      "file": "node:internal/modules/cjs/loader",
      "function": "Module._compile",
      "line": 1369,
      "method": "_compile",
      "native": false
    },
    {
      "column": 23,
      "file": "/home/ditsdev152/.nvm/versions/node/v20.12.0/lib/node_modules/ts-node/src/index.ts",
      "function": "Module.m._compile",
      "line": 1618,
      "method": "_compile",
      "native": false
    },
    {
      "column": 10,
      "file": "node:internal/modules/cjs/loader",
      "function": "Module._extensions..js",
      "line": 1427,
      "method": ".js",
      "native": false
    },
    {
      "column": 12,
      "file": "/home/ditsdev152/.nvm/versions/node/v20.12.0/lib/node_modules/ts-node/src/index.ts",
      "function": "Object.require.extensions.<computed> [as .ts]",
      "line": 1621,
      "method": "ts]",
      "native": false
    }
  ]
}
