2024-04-22 12:18:11 - f097c144-a6f9-46cc-8604-3818cd15473a - error: WHERE parameter "id" has invalid "undefined" value 
2024-04-22 12:18:11 - 74c74f76-c073-4dbc-b126-bbdf745b3f74 - error: createRide rideController Error @ Error: 	WHERE parameter "id" has invalid "undefined" value 
2024-04-22 12:19:08 - f657e722-60f2-47ba-8feb-5abd90f1adf9 - error: WHERE parameter "id" has invalid "undefined" value 
2024-04-22 12:19:40 - 80218447-9515-410b-bbc2-efe04731c719 - error: createRide rideController Error @ Error: 	WHERE parameter "id" has invalid "undefined" value 
2024-04-22 12:30:11 - 750b74f1-4613-485d-8048-7fce4ba20f49 - error: WHERE parameter "id" has invalid "undefined" value 
2024-04-22 12:30:26 - 52816576-d664-4236-99e4-5aaee8484e04 - error: createRide rideController Error @ Error: 	WHERE parameter "id" has invalid "undefined" value 
2024-04-22 12:34:09 - 37dcc97a-fa54-4f07-86c4-1876fcc592ef - error: WHERE parameter "id" has invalid "undefined" value 
2024-04-22 12:34:09 - 72ea8d7c-54d1-48bf-a8d2-c2b809538589 - error: createRide rideController Error @ Error: 	WHERE parameter "id" has invalid "undefined" value 
2024-04-22 12:34:48 - 348185ca-cebf-4c77-8c6b-a057ce19e20e - error: WHERE parameter "id" has invalid "undefined" value 
2024-04-22 12:34:48 - f9e0a314-94a8-4358-b2c4-3983f65111f7 - error: createRide rideController Error @ Error: 	WHERE parameter "id" has invalid "undefined" value 
2024-04-22 12:36:14 - 636f9289-2ffd-4a74-8031-8cdcc8c6313a - error: WHERE parameter "id" has invalid "undefined" value 
2024-04-22 12:38:29 - a9481771-0c58-44ff-8980-3dc43352fe67 - error: WHERE parameter "id" has invalid "undefined" value 
2024-04-22 12:38:29 - 5b1a26f3-edd4-48b2-b74f-0affd4456605 - error: createRide rideController Error @ Error: 	WHERE parameter "id" has invalid "undefined" value 
2024-04-22 12:38:31 - fdc185dd-af6d-45c5-95cc-cabfcbe88db7 - error: WHERE parameter "id" has invalid "undefined" value 
2024-04-22 12:38:31 - 7702793a-ec40-4d5e-bda9-c71b3b1e59f4 - error: createRide rideController Error @ Error: 	WHERE parameter "id" has invalid "undefined" value 
2024-04-22 12:41:13 - b0cabca1-c4fd-407e-b61a-5df89e43b7d6 - error: Incorrect integer value: 'e694ab38-bf7c-4f03-9b53-7e9e768a1a82' for column `Cab Booking`.`rides`.`driverId` at row 1 {
  "name": "SequelizeDatabaseError",
  "parent": {
    "code": "ER_TRUNCATED_WRONG_VALUE_FOR_FIELD",
    "errno": 1366,
    "sqlState": "22007",
    "sqlMessage": "Incorrect integer value: 'e694ab38-bf7c-4f03-9b53-7e9e768a1a82' for column `Cab Booking`.`rides`.`driverId` at row 1",
    "sql": "INSERT INTO `rides` (`id`,`from`,`to`,`time`,`driverId`,`price`,`status`,`date`,`createdAt`,`updatedAt`,`isDeleted`) VALUES (?,?,?,?,?,?,?,?,?,?,?);",
    "parameters": [
      "ec3b2db9-06ed-4ef7-a150-0e8794f7012e",
      "delbjbhsi",
      "manhvhali",
      "2024-07-22 10:00:00",
      "e694ab38-bf7c-4f03-9b53-7e9e768a1a82",
      90,
      "isAvailable",
      "2024-04-22 00:00:00",
      "2024-04-22 12:41:13",
      "2024-04-22 12:41:13",
      false
    ]
  },
  "original": {
    "code": "ER_TRUNCATED_WRONG_VALUE_FOR_FIELD",
    "errno": 1366,
    "sqlState": "22007",
    "sqlMessage": "Incorrect integer value: 'e694ab38-bf7c-4f03-9b53-7e9e768a1a82' for column `Cab Booking`.`rides`.`driverId` at row 1",
    "sql": "INSERT INTO `rides` (`id`,`from`,`to`,`time`,`driverId`,`price`,`status`,`date`,`createdAt`,`updatedAt`,`isDeleted`) VALUES (?,?,?,?,?,?,?,?,?,?,?);",
    "parameters": [
      "ec3b2db9-06ed-4ef7-a150-0e8794f7012e",
      "delbjbhsi",
      "manhvhali",
      "2024-07-22 10:00:00",
      "e694ab38-bf7c-4f03-9b53-7e9e768a1a82",
      90,
      "isAvailable",
      "2024-04-22 00:00:00",
      "2024-04-22 12:41:13",
      "2024-04-22 12:41:13",
      false
    ]
  },
  "sql": "INSERT INTO `rides` (`id`,`from`,`to`,`time`,`driverId`,`price`,`status`,`date`,`createdAt`,`updatedAt`,`isDeleted`) VALUES (?,?,?,?,?,?,?,?,?,?,?);",
  "parameters": [
    "ec3b2db9-06ed-4ef7-a150-0e8794f7012e",
    "delbjbhsi",
    "manhvhali",
    "2024-07-22 10:00:00",
    "e694ab38-bf7c-4f03-9b53-7e9e768a1a82",
    90,
    "isAvailable",
    "2024-04-22 00:00:00",
    "2024-04-22 12:41:13",
    "2024-04-22 12:41:13",
    false
  ]
}
2024-04-22 12:41:13 - cd7d09bd-891f-4fdc-b4de-55c857c5121c - error: createRide rideController Error @ Error: 	Incorrect integer value: 'e694ab38-bf7c-4f03-9b53-7e9e768a1a82' for column `Cab Booking`.`rides`.`driverId` at row 1 
2024-04-22 12:41:53 - 5f2a89c7-a539-4ac6-8ffb-81194e52b0af - error: Incorrect integer value: 'e694ab38-bf7c-4f03-9b53-7e9e768a1a82' for column `Cab Booking`.`rides`.`driverId` at row 1 {
  "name": "SequelizeDatabaseError",
  "parent": {
    "code": "ER_TRUNCATED_WRONG_VALUE_FOR_FIELD",
    "errno": 1366,
    "sqlState": "22007",
    "sqlMessage": "Incorrect integer value: 'e694ab38-bf7c-4f03-9b53-7e9e768a1a82' for column `Cab Booking`.`rides`.`driverId` at row 1",
    "sql": "INSERT INTO `rides` (`id`,`from`,`to`,`time`,`driverId`,`price`,`status`,`date`,`createdAt`,`updatedAt`,`isDeleted`) VALUES (?,?,?,?,?,?,?,?,?,?,?);",
    "parameters": [
      "9a6a88cf-c79e-4243-b0bb-67df582688f4",
      "delbjbhsi",
      "manhvhali",
      "2024-07-22 10:00:00",
      "e694ab38-bf7c-4f03-9b53-7e9e768a1a82",
      90,
      "isAvailable",
      "2024-04-22 00:00:00",
      "2024-04-22 12:41:53",
      "2024-04-22 12:41:53",
      false
    ]
  },
  "original": {
    "code": "ER_TRUNCATED_WRONG_VALUE_FOR_FIELD",
    "errno": 1366,
    "sqlState": "22007",
    "sqlMessage": "Incorrect integer value: 'e694ab38-bf7c-4f03-9b53-7e9e768a1a82' for column `Cab Booking`.`rides`.`driverId` at row 1",
    "sql": "INSERT INTO `rides` (`id`,`from`,`to`,`time`,`driverId`,`price`,`status`,`date`,`createdAt`,`updatedAt`,`isDeleted`) VALUES (?,?,?,?,?,?,?,?,?,?,?);",
    "parameters": [
      "9a6a88cf-c79e-4243-b0bb-67df582688f4",
      "delbjbhsi",
      "manhvhali",
      "2024-07-22 10:00:00",
      "e694ab38-bf7c-4f03-9b53-7e9e768a1a82",
      90,
      "isAvailable",
      "2024-04-22 00:00:00",
      "2024-04-22 12:41:53",
      "2024-04-22 12:41:53",
      false
    ]
  },
  "sql": "INSERT INTO `rides` (`id`,`from`,`to`,`time`,`driverId`,`price`,`status`,`date`,`createdAt`,`updatedAt`,`isDeleted`) VALUES (?,?,?,?,?,?,?,?,?,?,?);",
  "parameters": [
    "9a6a88cf-c79e-4243-b0bb-67df582688f4",
    "delbjbhsi",
    "manhvhali",
    "2024-07-22 10:00:00",
    "e694ab38-bf7c-4f03-9b53-7e9e768a1a82",
    90,
    "isAvailable",
    "2024-04-22 00:00:00",
    "2024-04-22 12:41:53",
    "2024-04-22 12:41:53",
    false
  ]
}
2024-04-22 12:41:53 - 83da7ed0-b12d-4e8a-beaa-b2c93b44d822 - error: createRide rideController Error @ Error: 	Incorrect integer value: 'e694ab38-bf7c-4f03-9b53-7e9e768a1a82' for column `Cab Booking`.`rides`.`driverId` at row 1 
