2024-04-29 03:58:55 - bc0b2a8a-6b56-4bff-a305-dbd46b0ff5d7 - error: uncaughtException: Redis.quit is not a function
TypeError: Redis.quit is not a function
    at process.<anonymous> (/home/ditsdev152/Desktop/cab-booking/ride/index.ts:50:17)
    at process.emit (node:events:518:28)
    at process.emit (node:domain:488:12)
    at process.emit.sharedData.processEmitHook.installedValue [as emit] (/home/ditsdev152/.nvm/versions/node/v20.12.0/lib/node_modules/ts-node/node_modules/@cspotcode/source-map-support/source-map-support.js:745:40) {
  "error": {},
  "stack": "TypeError: Redis.quit is not a function\n    at process.<anonymous> (/home/ditsdev152/Desktop/cab-booking/ride/index.ts:50:17)\n    at process.emit (node:events:518:28)\n    at process.emit (node:domain:488:12)\n    at process.emit.sharedData.processEmitHook.installedValue [as emit] (/home/ditsdev152/.nvm/versions/node/v20.12.0/lib/node_modules/ts-node/node_modules/@cspotcode/source-map-support/source-map-support.js:745:40)",
  "exception": true,
  "date": "Mon Apr 29 2024 09:28:55 GMT+0530 (India Standard Time)",
  "process": {
    "pid": 6269,
    "uid": 1000,
    "gid": 1000,
    "cwd": "/home/ditsdev152/Desktop/cab-booking/ride",
    "execPath": "/home/ditsdev152/.nvm/versions/node/v20.12.0/bin/node",
    "version": "v20.12.0",
    "argv": [
      "/home/ditsdev152/.nvm/versions/node/v20.12.0/bin/ts-node",
      "/home/ditsdev152/Desktop/cab-booking/ride/index.ts"
    ],
    "memoryUsage": {
      "rss": 261304320,
      "heapTotal": 172482560,
      "heapUsed": 148610032,
      "external": 5685722,
      "arrayBuffers": 2793619
    }
  },
  "os": {
    "loadavg": [
      0.62,
      0.55,
      0.3
    ],
    "uptime": 790.04
  },
  "trace": [
    {
      "column": 17,
      "file": "/home/ditsdev152/Desktop/cab-booking/ride/index.ts",
      "function": null,
      "line": 50,
      "method": null,
      "native": false
    },
    {
      "column": 28,
      "file": "node:events",
      "function": "process.emit",
      "line": 518,
      "method": "emit",
      "native": false
    },
    {
      "column": 12,
      "file": "node:domain",
      "function": "process.emit",
      "line": 488,
      "method": "emit",
      "native": false
    },
    {
      "column": 40,
      "file": "/home/ditsdev152/.nvm/versions/node/v20.12.0/lib/node_modules/ts-node/node_modules/@cspotcode/source-map-support/source-map-support.js",
      "function": "process.emit.sharedData.processEmitHook.installedValue [as emit]",
      "line": 745,
      "method": "installedValue [as emit]",
      "native": false
    }
  ]
}
2024-04-29 03:58:55 - e89534a5-b38f-4108-ab6e-bdb94133aa6b - error: uncaughtException: Redis.quit is not a function
TypeError: Redis.quit is not a function
    at process.<anonymous> (/home/ditsdev152/Desktop/cab-booking/ride/index.ts:50:17)
    at process.emit (node:events:518:28)
    at process.emit (node:domain:488:12)
    at process.emit.sharedData.processEmitHook.installedValue [as emit] (/home/ditsdev152/.nvm/versions/node/v20.12.0/lib/node_modules/ts-node/node_modules/@cspotcode/source-map-support/source-map-support.js:745:40) {
  "error": {},
  "stack": "TypeError: Redis.quit is not a function\n    at process.<anonymous> (/home/ditsdev152/Desktop/cab-booking/ride/index.ts:50:17)\n    at process.emit (node:events:518:28)\n    at process.emit (node:domain:488:12)\n    at process.emit.sharedData.processEmitHook.installedValue [as emit] (/home/ditsdev152/.nvm/versions/node/v20.12.0/lib/node_modules/ts-node/node_modules/@cspotcode/source-map-support/source-map-support.js:745:40)",
  "exception": true,
  "date": "Mon Apr 29 2024 09:28:55 GMT+0530 (India Standard Time)",
  "process": {
    "pid": 6269,
    "uid": 1000,
    "gid": 1000,
    "cwd": "/home/ditsdev152/Desktop/cab-booking/ride",
    "execPath": "/home/ditsdev152/.nvm/versions/node/v20.12.0/bin/node",
    "version": "v20.12.0",
    "argv": [
      "/home/ditsdev152/.nvm/versions/node/v20.12.0/bin/ts-node",
      "/home/ditsdev152/Desktop/cab-booking/ride/index.ts"
    ],
    "memoryUsage": {
      "rss": 261304320,
      "heapTotal": 172482560,
      "heapUsed": 148730472,
      "external": 5696026,
      "arrayBuffers": 2801835
    }
  },
  "os": {
    "loadavg": [
      0.62,
      0.55,
      0.3
    ],
    "uptime": 790.07
  },
  "trace": [
    {
      "column": 17,
      "file": "/home/ditsdev152/Desktop/cab-booking/ride/index.ts",
      "function": null,
      "line": 50,
      "method": null,
      "native": false
    },
    {
      "column": 28,
      "file": "node:events",
      "function": "process.emit",
      "line": 518,
      "method": "emit",
      "native": false
    },
    {
      "column": 12,
      "file": "node:domain",
      "function": "process.emit",
      "line": 488,
      "method": "emit",
      "native": false
    },
    {
      "column": 40,
      "file": "/home/ditsdev152/.nvm/versions/node/v20.12.0/lib/node_modules/ts-node/node_modules/@cspotcode/source-map-support/source-map-support.js",
      "function": "process.emit.sharedData.processEmitHook.installedValue [as emit]",
      "line": 745,
      "method": "installedValue [as emit]",
      "native": false
    }
  ]
}
2024-04-29 11:32:00 - 6ccfeae4-6237-4fbf-bfd5-612927db8cad - error: uncaughtException: Redis.quit is not a function
TypeError: Redis.quit is not a function
    at process.<anonymous> (/home/ditsdev152/Desktop/cab-booking/ride/index.ts:50:17)
    at process.emit (node:events:518:28)
    at process.emit (node:domain:488:12)
    at process.emit.sharedData.processEmitHook.installedValue [as emit] (/home/ditsdev152/.nvm/versions/node/v20.12.0/lib/node_modules/ts-node/node_modules/@cspotcode/source-map-support/source-map-support.js:745:40) {
  "error": {},
  "stack": "TypeError: Redis.quit is not a function\n    at process.<anonymous> (/home/ditsdev152/Desktop/cab-booking/ride/index.ts:50:17)\n    at process.emit (node:events:518:28)\n    at process.emit (node:domain:488:12)\n    at process.emit.sharedData.processEmitHook.installedValue [as emit] (/home/ditsdev152/.nvm/versions/node/v20.12.0/lib/node_modules/ts-node/node_modules/@cspotcode/source-map-support/source-map-support.js:745:40)",
  "exception": true,
  "date": "Mon Apr 29 2024 17:02:00 GMT+0530 (India Standard Time)",
  "process": {
    "pid": 99080,
    "uid": 1000,
    "gid": 1000,
    "cwd": "/home/ditsdev152/Desktop/cab-booking/ride",
    "execPath": "/home/ditsdev152/.nvm/versions/node/v20.12.0/bin/node",
    "version": "v20.12.0",
    "argv": [
      "/home/ditsdev152/.nvm/versions/node/v20.12.0/bin/ts-node",
      "/home/ditsdev152/Desktop/cab-booking/ride/index.ts"
    ],
    "memoryUsage": {
      "rss": 230883328,
      "heapTotal": 152236032,
      "heapUsed": 148878272,
      "external": 6741424,
      "arrayBuffers": 3848732
    }
  },
  "os": {
    "loadavg": [
      1.15,
      1.01,
      0.93
    ],
    "uptime": 27974.52
  },
  "trace": [
    {
      "column": 17,
      "file": "/home/ditsdev152/Desktop/cab-booking/ride/index.ts",
      "function": null,
      "line": 50,
      "method": null,
      "native": false
    },
    {
      "column": 28,
      "file": "node:events",
      "function": "process.emit",
      "line": 518,
      "method": "emit",
      "native": false
    },
    {
      "column": 12,
      "file": "node:domain",
      "function": "process.emit",
      "line": 488,
      "method": "emit",
      "native": false
    },
    {
      "column": 40,
      "file": "/home/ditsdev152/.nvm/versions/node/v20.12.0/lib/node_modules/ts-node/node_modules/@cspotcode/source-map-support/source-map-support.js",
      "function": "process.emit.sharedData.processEmitHook.installedValue [as emit]",
      "line": 745,
      "method": "installedValue [as emit]",
      "native": false
    }
  ]
}
2024-04-29 11:32:00 - 12f61796-0450-441f-9239-f7f3b084adc9 - error: uncaughtException: Redis.quit is not a function
TypeError: Redis.quit is not a function
    at process.<anonymous> (/home/ditsdev152/Desktop/cab-booking/ride/index.ts:50:17)
    at process.emit (node:events:518:28)
    at process.emit (node:domain:488:12)
    at process.emit.sharedData.processEmitHook.installedValue [as emit] (/home/ditsdev152/.nvm/versions/node/v20.12.0/lib/node_modules/ts-node/node_modules/@cspotcode/source-map-support/source-map-support.js:745:40) {
  "error": {},
  "stack": "TypeError: Redis.quit is not a function\n    at process.<anonymous> (/home/ditsdev152/Desktop/cab-booking/ride/index.ts:50:17)\n    at process.emit (node:events:518:28)\n    at process.emit (node:domain:488:12)\n    at process.emit.sharedData.processEmitHook.installedValue [as emit] (/home/ditsdev152/.nvm/versions/node/v20.12.0/lib/node_modules/ts-node/node_modules/@cspotcode/source-map-support/source-map-support.js:745:40)",
  "exception": true,
  "date": "Mon Apr 29 2024 17:02:00 GMT+0530 (India Standard Time)",
  "process": {
    "pid": 99080,
    "uid": 1000,
    "gid": 1000,
    "cwd": "/home/ditsdev152/Desktop/cab-booking/ride",
    "execPath": "/home/ditsdev152/.nvm/versions/node/v20.12.0/bin/node",
    "version": "v20.12.0",
    "argv": [
      "/home/ditsdev152/.nvm/versions/node/v20.12.0/bin/ts-node",
      "/home/ditsdev152/Desktop/cab-booking/ride/index.ts"
    ],
    "memoryUsage": {
      "rss": 231014400,
      "heapTotal": 152236032,
      "heapUsed": 148979504,
      "external": 6749680,
      "arrayBuffers": 3856948
    }
  },
  "os": {
    "loadavg": [
      1.15,
      1.01,
      0.93
    ],
    "uptime": 27974.56
  },
  "trace": [
    {
      "column": 17,
      "file": "/home/ditsdev152/Desktop/cab-booking/ride/index.ts",
      "function": null,
      "line": 50,
      "method": null,
      "native": false
    },
    {
      "column": 28,
      "file": "node:events",
      "function": "process.emit",
      "line": 518,
      "method": "emit",
      "native": false
    },
    {
      "column": 12,
      "file": "node:domain",
      "function": "process.emit",
      "line": 488,
      "method": "emit",
      "native": false
    },
    {
      "column": 40,
      "file": "/home/ditsdev152/.nvm/versions/node/v20.12.0/lib/node_modules/ts-node/node_modules/@cspotcode/source-map-support/source-map-support.js",
      "function": "process.emit.sharedData.processEmitHook.installedValue [as emit]",
      "line": 745,
      "method": "installedValue [as emit]",
      "native": false
    }
  ]
}
2024-04-29 11:32:02 - 23017748-58c3-4139-a72a-79a772ed98c6 - error: uncaughtException: Redis.quit is not a function
TypeError: Redis.quit is not a function
    at process.<anonymous> (/home/ditsdev152/Desktop/cab-booking/ride/index.ts:50:17)
    at process.emit (node:events:518:28)
    at process.emit (node:domain:488:12)
    at process.emit.sharedData.processEmitHook.installedValue [as emit] (/home/ditsdev152/.nvm/versions/node/v20.12.0/lib/node_modules/ts-node/node_modules/@cspotcode/source-map-support/source-map-support.js:745:40) {
  "error": {},
  "stack": "TypeError: Redis.quit is not a function\n    at process.<anonymous> (/home/ditsdev152/Desktop/cab-booking/ride/index.ts:50:17)\n    at process.emit (node:events:518:28)\n    at process.emit (node:domain:488:12)\n    at process.emit.sharedData.processEmitHook.installedValue [as emit] (/home/ditsdev152/.nvm/versions/node/v20.12.0/lib/node_modules/ts-node/node_modules/@cspotcode/source-map-support/source-map-support.js:745:40)",
  "exception": true,
  "date": "Mon Apr 29 2024 17:02:02 GMT+0530 (India Standard Time)",
  "process": {
    "pid": 99080,
    "uid": 1000,
    "gid": 1000,
    "cwd": "/home/ditsdev152/Desktop/cab-booking/ride",
    "execPath": "/home/ditsdev152/.nvm/versions/node/v20.12.0/bin/node",
    "version": "v20.12.0",
    "argv": [
      "/home/ditsdev152/.nvm/versions/node/v20.12.0/bin/ts-node",
      "/home/ditsdev152/Desktop/cab-booking/ride/index.ts"
    ],
    "memoryUsage": {
      "rss": 231538688,
      "heapTotal": 153546752,
      "heapUsed": 148646512,
      "external": 6757872,
      "arrayBuffers": 3856764
    }
  },
  "os": {
    "loadavg": [
      1.15,
      1.01,
      0.93
    ],
    "uptime": 27977.1
  },
  "trace": [
    {
      "column": 17,
      "file": "/home/ditsdev152/Desktop/cab-booking/ride/index.ts",
      "function": null,
      "line": 50,
      "method": null,
      "native": false
    },
    {
      "column": 28,
      "file": "node:events",
      "function": "process.emit",
      "line": 518,
      "method": "emit",
      "native": false
    },
    {
      "column": 12,
      "file": "node:domain",
      "function": "process.emit",
      "line": 488,
      "method": "emit",
      "native": false
    },
    {
      "column": 40,
      "file": "/home/ditsdev152/.nvm/versions/node/v20.12.0/lib/node_modules/ts-node/node_modules/@cspotcode/source-map-support/source-map-support.js",
      "function": "process.emit.sharedData.processEmitHook.installedValue [as emit]",
      "line": 745,
      "method": "installedValue [as emit]",
      "native": false
    }
  ]
}
