2024-05-06 06:15:58 - 9bb17249-4b10-488d-8ba8-4fdb01cb8d58 - error: uncaughtException: listen EADDRINUSE: address already in use :::3000
Error: listen EADDRINUSE: address already in use :::3000
    at Server.setupListenHandle (node:net:1897:16)
    at Server._listen2 (/home/ditsdev152/Desktop/cab-booking/users/node_modules/async-listener/index.js:97:23)
    at listenInCluster (node:net:1945:12)
    at Server.listen (node:net:2037:7)
    at Function.listen (/home/ditsdev152/Desktop/cab-booking/users/node_modules/express/lib/application.js:635:24)
    at Object.<anonymous> (/home/ditsdev152/Desktop/cab-booking/users/.dist/index.js:21:5)
    at Module._compile (node:internal/modules/cjs/loader:1369:14)
    at Module._extensions..js (node:internal/modules/cjs/loader:1427:10)
    at Module.load (node:internal/modules/cjs/loader:1206:32)
    at Module._load (node:internal/modules/cjs/loader:1022:12) {
  "error": {
    "code": "EADDRINUSE",
    "errno": -98,
    "syscall": "listen",
    "address": "::",
    "port": 3000
  },
  "stack": "Error: listen EADDRINUSE: address already in use :::3000\n    at Server.setupListenHandle (node:net:1897:16)\n    at Server._listen2 (/home/ditsdev152/Desktop/cab-booking/users/node_modules/async-listener/index.js:97:23)\n    at listenInCluster (node:net:1945:12)\n    at Server.listen (node:net:2037:7)\n    at Function.listen (/home/ditsdev152/Desktop/cab-booking/users/node_modules/express/lib/application.js:635:24)\n    at Object.<anonymous> (/home/ditsdev152/Desktop/cab-booking/users/.dist/index.js:21:5)\n    at Module._compile (node:internal/modules/cjs/loader:1369:14)\n    at Module._extensions..js (node:internal/modules/cjs/loader:1427:10)\n    at Module.load (node:internal/modules/cjs/loader:1206:32)\n    at Module._load (node:internal/modules/cjs/loader:1022:12)",
  "exception": true,
  "date": "Mon May 06 2024 11:45:58 GMT+0530 (India Standard Time)",
  "process": {
    "pid": 16326,
    "uid": 1000,
    "gid": 1000,
    "cwd": "/home/ditsdev152/Desktop/cab-booking/users",
    "execPath": "/home/ditsdev152/.nvm/versions/node/v20.12.0/bin/node",
    "version": "v20.12.0",
    "argv": [
      "/home/ditsdev152/.nvm/versions/node/v20.12.0/bin/node",
      "/home/ditsdev152/Desktop/cab-booking/users/.dist/index.js"
    ],
    "memoryUsage": {
      "rss": 105058304,
      "heapTotal": 59629568,
      "heapUsed": 29333800,
      "external": 2422145,
      "arrayBuffers": 147439
    }
  },
  "os": {
    "loadavg": [
      2.63,
      1.69,
      1.3
    ],
    "uptime": 9744.78
  },
  "trace": [
    {
      "column": 16,
      "file": "node:net",
      "function": "Server.setupListenHandle",
      "line": 1897,
      "method": "setupListenHandle",
      "native": false
    },
    {
      "column": 23,
      "file": "/home/ditsdev152/Desktop/cab-booking/users/node_modules/async-listener/index.js",
      "function": "Server._listen2",
      "line": 97,
      "method": "_listen2",
      "native": false
    },
    {
      "column": 12,
      "file": "node:net",
      "function": "listenInCluster",
      "line": 1945,
      "method": null,
      "native": false
    },
    {
      "column": 7,
      "file": "node:net",
      "function": "Server.listen",
      "line": 2037,
      "method": "listen",
      "native": false
    },
    {
      "column": 24,
      "file": "/home/ditsdev152/Desktop/cab-booking/users/node_modules/express/lib/application.js",
      "function": "Function.listen",
      "line": 635,
      "method": "listen",
      "native": false
    },
    {
      "column": 5,
      "file": "/home/ditsdev152/Desktop/cab-booking/users/.dist/index.js",
      "function": null,
      "line": 21,
      "method": null,
      "native": false
    },
    {
      "column": 14,
      "file": "node:internal/modules/cjs/loader",
      "function": "Module._compile",
      "line": 1369,
      "method": "_compile",
      "native": false
    },
    {
      "column": 10,
      "file": "node:internal/modules/cjs/loader",
      "function": "Module._extensions..js",
      "line": 1427,
      "method": ".js",
      "native": false
    },
    {
      "column": 32,
      "file": "node:internal/modules/cjs/loader",
      "function": "Module.load",
      "line": 1206,
      "method": "load",
      "native": false
    },
    {
      "column": 12,
      "file": "node:internal/modules/cjs/loader",
      "function": "Module._load",
      "line": 1022,
      "method": "_load",
      "native": false
    }
  ]
}
2024-05-06 07:46:08 - 7545bdcd-dcb5-485d-83b9-6c7d82c9c078 - error: uncaughtException: listen EADDRINUSE: address already in use :::3000
Error: listen EADDRINUSE: address already in use :::3000
    at Server.setupListenHandle (node:net:1897:16)
    at Server._listen2 (/home/ditsdev152/Desktop/cab-booking/users/node_modules/async-listener/index.js:97:23)
    at listenInCluster (node:net:1945:12)
    at Server.listen (node:net:2037:7)
    at Function.listen (/home/ditsdev152/Desktop/cab-booking/users/node_modules/express/lib/application.js:635:24)
    at Object.<anonymous> (/home/ditsdev152/Desktop/cab-booking/users/.dist/index.js:22:5)
    at Module._compile (node:internal/modules/cjs/loader:1369:14)
    at Module._extensions..js (node:internal/modules/cjs/loader:1427:10)
    at Module.load (node:internal/modules/cjs/loader:1206:32)
    at Module._load (node:internal/modules/cjs/loader:1022:12) {
  "error": {
    "code": "EADDRINUSE",
    "errno": -98,
    "syscall": "listen",
    "address": "::",
    "port": 3000
  },
  "stack": "Error: listen EADDRINUSE: address already in use :::3000\n    at Server.setupListenHandle (node:net:1897:16)\n    at Server._listen2 (/home/ditsdev152/Desktop/cab-booking/users/node_modules/async-listener/index.js:97:23)\n    at listenInCluster (node:net:1945:12)\n    at Server.listen (node:net:2037:7)\n    at Function.listen (/home/ditsdev152/Desktop/cab-booking/users/node_modules/express/lib/application.js:635:24)\n    at Object.<anonymous> (/home/ditsdev152/Desktop/cab-booking/users/.dist/index.js:22:5)\n    at Module._compile (node:internal/modules/cjs/loader:1369:14)\n    at Module._extensions..js (node:internal/modules/cjs/loader:1427:10)\n    at Module.load (node:internal/modules/cjs/loader:1206:32)\n    at Module._load (node:internal/modules/cjs/loader:1022:12)",
  "exception": true,
  "date": "Mon May 06 2024 13:16:08 GMT+0530 (India Standard Time)",
  "process": {
    "pid": 29150,
    "uid": 1000,
    "gid": 1000,
    "cwd": "/home/ditsdev152/Desktop/cab-booking/users",
    "execPath": "/home/ditsdev152/.nvm/versions/node/v20.12.0/bin/node",
    "version": "v20.12.0",
    "argv": [
      "/home/ditsdev152/.nvm/versions/node/v20.12.0/bin/node",
      "/home/ditsdev152/Desktop/cab-booking/users/.dist/index.js"
    ],
    "memoryUsage": {
      "rss": 102662144,
      "heapTotal": 57532416,
      "heapUsed": 37005248,
      "external": 2422154,
      "arrayBuffers": 147448
    }
  },
  "os": {
    "loadavg": [
      2.27,
      1.7,
      1.33
    ],
    "uptime": 15154.5
  },
  "trace": [
    {
      "column": 16,
      "file": "node:net",
      "function": "Server.setupListenHandle",
      "line": 1897,
      "method": "setupListenHandle",
      "native": false
    },
    {
      "column": 23,
      "file": "/home/ditsdev152/Desktop/cab-booking/users/node_modules/async-listener/index.js",
      "function": "Server._listen2",
      "line": 97,
      "method": "_listen2",
      "native": false
    },
    {
      "column": 12,
      "file": "node:net",
      "function": "listenInCluster",
      "line": 1945,
      "method": null,
      "native": false
    },
    {
      "column": 7,
      "file": "node:net",
      "function": "Server.listen",
      "line": 2037,
      "method": "listen",
      "native": false
    },
    {
      "column": 24,
      "file": "/home/ditsdev152/Desktop/cab-booking/users/node_modules/express/lib/application.js",
      "function": "Function.listen",
      "line": 635,
      "method": "listen",
      "native": false
    },
    {
      "column": 5,
      "file": "/home/ditsdev152/Desktop/cab-booking/users/.dist/index.js",
      "function": null,
      "line": 22,
      "method": null,
      "native": false
    },
    {
      "column": 14,
      "file": "node:internal/modules/cjs/loader",
      "function": "Module._compile",
      "line": 1369,
      "method": "_compile",
      "native": false
    },
    {
      "column": 10,
      "file": "node:internal/modules/cjs/loader",
      "function": "Module._extensions..js",
      "line": 1427,
      "method": ".js",
      "native": false
    },
    {
      "column": 32,
      "file": "node:internal/modules/cjs/loader",
      "function": "Module.load",
      "line": 1206,
      "method": "load",
      "native": false
    },
    {
      "column": 12,
      "file": "node:internal/modules/cjs/loader",
      "function": "Module._load",
      "line": 1022,
      "method": "_load",
      "native": false
    }
  ]
}
2024-05-06 07:48:03 - 5df34eda-317d-4e88-8b04-590c4cfbbd1a - error: uncaughtException: listen EADDRINUSE: address already in use :::3000
Error: listen EADDRINUSE: address already in use :::3000
    at Server.setupListenHandle (node:net:1897:16)
    at Server._listen2 (/home/ditsdev152/Desktop/cab-booking/users/node_modules/async-listener/index.js:97:23)
    at listenInCluster (node:net:1945:12)
    at Server.listen (node:net:2037:7)
    at Function.listen (/home/ditsdev152/Desktop/cab-booking/users/node_modules/express/lib/application.js:635:24)
    at Object.<anonymous> (/home/ditsdev152/Desktop/cab-booking/users/.dist/index.js:22:5)
    at Module._compile (node:internal/modules/cjs/loader:1369:14)
    at Module._extensions..js (node:internal/modules/cjs/loader:1427:10)
    at Module.load (node:internal/modules/cjs/loader:1206:32)
    at Module._load (node:internal/modules/cjs/loader:1022:12) {
  "error": {
    "code": "EADDRINUSE",
    "errno": -98,
    "syscall": "listen",
    "address": "::",
    "port": 3000
  },
  "stack": "Error: listen EADDRINUSE: address already in use :::3000\n    at Server.setupListenHandle (node:net:1897:16)\n    at Server._listen2 (/home/ditsdev152/Desktop/cab-booking/users/node_modules/async-listener/index.js:97:23)\n    at listenInCluster (node:net:1945:12)\n    at Server.listen (node:net:2037:7)\n    at Function.listen (/home/ditsdev152/Desktop/cab-booking/users/node_modules/express/lib/application.js:635:24)\n    at Object.<anonymous> (/home/ditsdev152/Desktop/cab-booking/users/.dist/index.js:22:5)\n    at Module._compile (node:internal/modules/cjs/loader:1369:14)\n    at Module._extensions..js (node:internal/modules/cjs/loader:1427:10)\n    at Module.load (node:internal/modules/cjs/loader:1206:32)\n    at Module._load (node:internal/modules/cjs/loader:1022:12)",
  "exception": true,
  "date": "Mon May 06 2024 13:18:03 GMT+0530 (India Standard Time)",
  "process": {
    "pid": 30171,
    "uid": 1000,
    "gid": 1000,
    "cwd": "/home/ditsdev152/Desktop/cab-booking/users",
    "execPath": "/home/ditsdev152/.nvm/versions/node/v20.12.0/bin/node",
    "version": "v20.12.0",
    "argv": [
      "/home/ditsdev152/.nvm/versions/node/v20.12.0/bin/node",
      "/home/ditsdev152/Desktop/cab-booking/users/.dist/index.js"
    ],
    "memoryUsage": {
      "rss": 105443328,
      "heapTotal": 59367424,
      "heapUsed": 29365704,
      "external": 2422147,
      "arrayBuffers": 147441
    }
  },
  "os": {
    "loadavg": [
      3.04,
      2.19,
      1.56
    ],
    "uptime": 15269.64
  },
  "trace": [
    {
      "column": 16,
      "file": "node:net",
      "function": "Server.setupListenHandle",
      "line": 1897,
      "method": "setupListenHandle",
      "native": false
    },
    {
      "column": 23,
      "file": "/home/ditsdev152/Desktop/cab-booking/users/node_modules/async-listener/index.js",
      "function": "Server._listen2",
      "line": 97,
      "method": "_listen2",
      "native": false
    },
    {
      "column": 12,
      "file": "node:net",
      "function": "listenInCluster",
      "line": 1945,
      "method": null,
      "native": false
    },
    {
      "column": 7,
      "file": "node:net",
      "function": "Server.listen",
      "line": 2037,
      "method": "listen",
      "native": false
    },
    {
      "column": 24,
      "file": "/home/ditsdev152/Desktop/cab-booking/users/node_modules/express/lib/application.js",
      "function": "Function.listen",
      "line": 635,
      "method": "listen",
      "native": false
    },
    {
      "column": 5,
      "file": "/home/ditsdev152/Desktop/cab-booking/users/.dist/index.js",
      "function": null,
      "line": 22,
      "method": null,
      "native": false
    },
    {
      "column": 14,
      "file": "node:internal/modules/cjs/loader",
      "function": "Module._compile",
      "line": 1369,
      "method": "_compile",
      "native": false
    },
    {
      "column": 10,
      "file": "node:internal/modules/cjs/loader",
      "function": "Module._extensions..js",
      "line": 1427,
      "method": ".js",
      "native": false
    },
    {
      "column": 32,
      "file": "node:internal/modules/cjs/loader",
      "function": "Module.load",
      "line": 1206,
      "method": "load",
      "native": false
    },
    {
      "column": 12,
      "file": "node:internal/modules/cjs/loader",
      "function": "Module._load",
      "line": 1022,
      "method": "_load",
      "native": false
    }
  ]
}
