2024-05-07 07:02:17 - 630347ff-e50d-475b-8cf4-218f281df324 - error: uncaughtException: listen EADDRINUSE: address already in use :::3000
Error: listen EADDRINUSE: address already in use :::3000
    at Server.setupListenHandle (node:net:1897:16)
    at Server._listen2 (/home/ditsdev152/Desktop/cab-booking/users/node_modules/async-listener/index.js:97:23)
    at listenInCluster (node:net:1945:12)
    at Server.listen (node:net:2037:7)
    at Function.listen (/home/ditsdev152/Desktop/cab-booking/users/node_modules/express/lib/application.js:635:24)
    at Object.<anonymous> (/home/ditsdev152/Desktop/cab-booking/users/.dist/index.js:22:5)
    at Module._compile (node:internal/modules/cjs/loader:1369:14)
    at Module._extensions..js (node:internal/modules/cjs/loader:1427:10)
    at Module.load (node:internal/modules/cjs/loader:1206:32)
    at Module._load (node:internal/modules/cjs/loader:1022:12) {
  "error": {
    "code": "EADDRINUSE",
    "errno": -98,
    "syscall": "listen",
    "address": "::",
    "port": 3000
  },
  "stack": "Error: listen EADDRINUSE: address already in use :::3000\n    at Server.setupListenHandle (node:net:1897:16)\n    at Server._listen2 (/home/ditsdev152/Desktop/cab-booking/users/node_modules/async-listener/index.js:97:23)\n    at listenInCluster (node:net:1945:12)\n    at Server.listen (node:net:2037:7)\n    at Function.listen (/home/ditsdev152/Desktop/cab-booking/users/node_modules/express/lib/application.js:635:24)\n    at Object.<anonymous> (/home/ditsdev152/Desktop/cab-booking/users/.dist/index.js:22:5)\n    at Module._compile (node:internal/modules/cjs/loader:1369:14)\n    at Module._extensions..js (node:internal/modules/cjs/loader:1427:10)\n    at Module.load (node:internal/modules/cjs/loader:1206:32)\n    at Module._load (node:internal/modules/cjs/loader:1022:12)",
  "exception": true,
  "date": "Tue May 07 2024 12:32:17 GMT+0530 (India Standard Time)",
  "process": {
    "pid": 9531,
    "uid": 1000,
    "gid": 1000,
    "cwd": "/home/ditsdev152/Desktop/cab-booking/users",
    "execPath": "/home/ditsdev152/.nvm/versions/node/v20.12.0/bin/node",
    "version": "v20.12.0",
    "argv": [
      "/home/ditsdev152/.nvm/versions/node/v20.12.0/bin/node",
      "/home/ditsdev152/Desktop/cab-booking/users/.dist/index.js"
    ],
    "memoryUsage": {
      "rss": 102260736,
      "heapTotal": 57270272,
      "heapUsed": 36751832,
      "external": 2422153,
      "arrayBuffers": 147447
    }
  },
  "os": {
    "loadavg": [
      2.19,
      0.79,
      0.51
    ],
    "uptime": 1631.55
  },
  "trace": [
    {
      "column": 16,
      "file": "node:net",
      "function": "Server.setupListenHandle",
      "line": 1897,
      "method": "setupListenHandle",
      "native": false
    },
    {
      "column": 23,
      "file": "/home/ditsdev152/Desktop/cab-booking/users/node_modules/async-listener/index.js",
      "function": "Server._listen2",
      "line": 97,
      "method": "_listen2",
      "native": false
    },
    {
      "column": 12,
      "file": "node:net",
      "function": "listenInCluster",
      "line": 1945,
      "method": null,
      "native": false
    },
    {
      "column": 7,
      "file": "node:net",
      "function": "Server.listen",
      "line": 2037,
      "method": "listen",
      "native": false
    },
    {
      "column": 24,
      "file": "/home/ditsdev152/Desktop/cab-booking/users/node_modules/express/lib/application.js",
      "function": "Function.listen",
      "line": 635,
      "method": "listen",
      "native": false
    },
    {
      "column": 5,
      "file": "/home/ditsdev152/Desktop/cab-booking/users/.dist/index.js",
      "function": null,
      "line": 22,
      "method": null,
      "native": false
    },
    {
      "column": 14,
      "file": "node:internal/modules/cjs/loader",
      "function": "Module._compile",
      "line": 1369,
      "method": "_compile",
      "native": false
    },
    {
      "column": 10,
      "file": "node:internal/modules/cjs/loader",
      "function": "Module._extensions..js",
      "line": 1427,
      "method": ".js",
      "native": false
    },
    {
      "column": 32,
      "file": "node:internal/modules/cjs/loader",
      "function": "Module.load",
      "line": 1206,
      "method": "load",
      "native": false
    },
    {
      "column": 12,
      "file": "node:internal/modules/cjs/loader",
      "function": "Module._load",
      "line": 1022,
      "method": "_load",
      "native": false
    }
  ]
}
2024-05-07 12:19:54 - 38ff76f2-1963-4e3f-bdf8-a87f34726696 - error: uncaughtException: listen EADDRINUSE: address already in use :::3000
Error: listen EADDRINUSE: address already in use :::3000
    at Server.setupListenHandle (node:net:1897:16)
    at Server._listen2 (/home/ditsdev152/Desktop/cab-booking/users/node_modules/async-listener/index.js:97:23)
    at listenInCluster (node:net:1945:12)
    at Server.listen (node:net:2037:7)
    at Function.listen (/home/ditsdev152/Desktop/cab-booking/users/node_modules/express/lib/application.js:635:24)
    at Object.<anonymous> (/home/ditsdev152/Desktop/cab-booking/users/.dist/index.js:22:5)
    at Module._compile (node:internal/modules/cjs/loader:1369:14)
    at Module._extensions..js (node:internal/modules/cjs/loader:1427:10)
    at Module.load (node:internal/modules/cjs/loader:1206:32)
    at Module._load (node:internal/modules/cjs/loader:1022:12) {
  "error": {
    "code": "EADDRINUSE",
    "errno": -98,
    "syscall": "listen",
    "address": "::",
    "port": 3000
  },
  "stack": "Error: listen EADDRINUSE: address already in use :::3000\n    at Server.setupListenHandle (node:net:1897:16)\n    at Server._listen2 (/home/ditsdev152/Desktop/cab-booking/users/node_modules/async-listener/index.js:97:23)\n    at listenInCluster (node:net:1945:12)\n    at Server.listen (node:net:2037:7)\n    at Function.listen (/home/ditsdev152/Desktop/cab-booking/users/node_modules/express/lib/application.js:635:24)\n    at Object.<anonymous> (/home/ditsdev152/Desktop/cab-booking/users/.dist/index.js:22:5)\n    at Module._compile (node:internal/modules/cjs/loader:1369:14)\n    at Module._extensions..js (node:internal/modules/cjs/loader:1427:10)\n    at Module.load (node:internal/modules/cjs/loader:1206:32)\n    at Module._load (node:internal/modules/cjs/loader:1022:12)",
  "exception": true,
  "date": "Tue May 07 2024 17:49:54 GMT+0530 (India Standard Time)",
  "process": {
    "pid": 223432,
    "uid": 1000,
    "gid": 1000,
    "cwd": "/home/ditsdev152/Desktop/cab-booking/users",
    "execPath": "/home/ditsdev152/.nvm/versions/node/v20.12.0/bin/node",
    "version": "v20.12.0",
    "argv": [
      "/home/ditsdev152/.nvm/versions/node/v20.12.0/bin/node",
      "/home/ditsdev152/Desktop/cab-booking/users/.dist/index.js"
    ],
    "memoryUsage": {
      "rss": 103489536,
      "heapTotal": 57008128,
      "heapUsed": 37167272,
      "external": 2422156,
      "arrayBuffers": 147450
    }
  },
  "os": {
    "loadavg": [
      2.94,
      2.33,
      1.75
    ],
    "uptime": 20689.23
  },
  "trace": [
    {
      "column": 16,
      "file": "node:net",
      "function": "Server.setupListenHandle",
      "line": 1897,
      "method": "setupListenHandle",
      "native": false
    },
    {
      "column": 23,
      "file": "/home/ditsdev152/Desktop/cab-booking/users/node_modules/async-listener/index.js",
      "function": "Server._listen2",
      "line": 97,
      "method": "_listen2",
      "native": false
    },
    {
      "column": 12,
      "file": "node:net",
      "function": "listenInCluster",
      "line": 1945,
      "method": null,
      "native": false
    },
    {
      "column": 7,
      "file": "node:net",
      "function": "Server.listen",
      "line": 2037,
      "method": "listen",
      "native": false
    },
    {
      "column": 24,
      "file": "/home/ditsdev152/Desktop/cab-booking/users/node_modules/express/lib/application.js",
      "function": "Function.listen",
      "line": 635,
      "method": "listen",
      "native": false
    },
    {
      "column": 5,
      "file": "/home/ditsdev152/Desktop/cab-booking/users/.dist/index.js",
      "function": null,
      "line": 22,
      "method": null,
      "native": false
    },
    {
      "column": 14,
      "file": "node:internal/modules/cjs/loader",
      "function": "Module._compile",
      "line": 1369,
      "method": "_compile",
      "native": false
    },
    {
      "column": 10,
      "file": "node:internal/modules/cjs/loader",
      "function": "Module._extensions..js",
      "line": 1427,
      "method": ".js",
      "native": false
    },
    {
      "column": 32,
      "file": "node:internal/modules/cjs/loader",
      "function": "Module.load",
      "line": 1206,
      "method": "load",
      "native": false
    },
    {
      "column": 12,
      "file": "node:internal/modules/cjs/loader",
      "function": "Module._load",
      "line": 1022,
      "method": "_load",
      "native": false
    }
  ]
}
2024-05-07 12:31:03 - f7142adf-beb1-45d3-8590-86d4a3f20d3c - error: uncaughtException: listen EADDRINUSE: address already in use :::3000
Error: listen EADDRINUSE: address already in use :::3000
    at Server.setupListenHandle (node:net:1897:16)
    at Server._listen2 (/home/ditsdev152/Desktop/cab-booking/users/node_modules/async-listener/index.js:97:23)
    at listenInCluster (node:net:1945:12)
    at Server.listen (node:net:2037:7)
    at Function.listen (/home/ditsdev152/Desktop/cab-booking/users/node_modules/express/lib/application.js:635:24)
    at Object.<anonymous> (/home/ditsdev152/Desktop/cab-booking/users/.dist/index.js:22:5)
    at Module._compile (node:internal/modules/cjs/loader:1369:14)
    at Module._extensions..js (node:internal/modules/cjs/loader:1427:10)
    at Module.load (node:internal/modules/cjs/loader:1206:32)
    at Module._load (node:internal/modules/cjs/loader:1022:12) {
  "error": {
    "code": "EADDRINUSE",
    "errno": -98,
    "syscall": "listen",
    "address": "::",
    "port": 3000
  },
  "stack": "Error: listen EADDRINUSE: address already in use :::3000\n    at Server.setupListenHandle (node:net:1897:16)\n    at Server._listen2 (/home/ditsdev152/Desktop/cab-booking/users/node_modules/async-listener/index.js:97:23)\n    at listenInCluster (node:net:1945:12)\n    at Server.listen (node:net:2037:7)\n    at Function.listen (/home/ditsdev152/Desktop/cab-booking/users/node_modules/express/lib/application.js:635:24)\n    at Object.<anonymous> (/home/ditsdev152/Desktop/cab-booking/users/.dist/index.js:22:5)\n    at Module._compile (node:internal/modules/cjs/loader:1369:14)\n    at Module._extensions..js (node:internal/modules/cjs/loader:1427:10)\n    at Module.load (node:internal/modules/cjs/loader:1206:32)\n    at Module._load (node:internal/modules/cjs/loader:1022:12)",
  "exception": true,
  "date": "Tue May 07 2024 18:01:03 GMT+0530 (India Standard Time)",
  "process": {
    "pid": 225891,
    "uid": 1000,
    "gid": 1000,
    "cwd": "/home/ditsdev152/Desktop/cab-booking/users",
    "execPath": "/home/ditsdev152/.nvm/versions/node/v20.12.0/bin/node",
    "version": "v20.12.0",
    "argv": [
      "/home/ditsdev152/.nvm/versions/node/v20.12.0/bin/node",
      "/home/ditsdev152/Desktop/cab-booking/users/.dist/index.js"
    ],
    "memoryUsage": {
      "rss": 103940096,
      "heapTotal": 57008128,
      "heapUsed": 37391304,
      "external": 2422155,
      "arrayBuffers": 147449
    }
  },
  "os": {
    "loadavg": [
      0.74,
      0.75,
      1.16
    ],
    "uptime": 21358.41
  },
  "trace": [
    {
      "column": 16,
      "file": "node:net",
      "function": "Server.setupListenHandle",
      "line": 1897,
      "method": "setupListenHandle",
      "native": false
    },
    {
      "column": 23,
      "file": "/home/ditsdev152/Desktop/cab-booking/users/node_modules/async-listener/index.js",
      "function": "Server._listen2",
      "line": 97,
      "method": "_listen2",
      "native": false
    },
    {
      "column": 12,
      "file": "node:net",
      "function": "listenInCluster",
      "line": 1945,
      "method": null,
      "native": false
    },
    {
      "column": 7,
      "file": "node:net",
      "function": "Server.listen",
      "line": 2037,
      "method": "listen",
      "native": false
    },
    {
      "column": 24,
      "file": "/home/ditsdev152/Desktop/cab-booking/users/node_modules/express/lib/application.js",
      "function": "Function.listen",
      "line": 635,
      "method": "listen",
      "native": false
    },
    {
      "column": 5,
      "file": "/home/ditsdev152/Desktop/cab-booking/users/.dist/index.js",
      "function": null,
      "line": 22,
      "method": null,
      "native": false
    },
    {
      "column": 14,
      "file": "node:internal/modules/cjs/loader",
      "function": "Module._compile",
      "line": 1369,
      "method": "_compile",
      "native": false
    },
    {
      "column": 10,
      "file": "node:internal/modules/cjs/loader",
      "function": "Module._extensions..js",
      "line": 1427,
      "method": ".js",
      "native": false
    },
    {
      "column": 32,
      "file": "node:internal/modules/cjs/loader",
      "function": "Module.load",
      "line": 1206,
      "method": "load",
      "native": false
    },
    {
      "column": 12,
      "file": "node:internal/modules/cjs/loader",
      "function": "Module._load",
      "line": 1022,
      "method": "_load",
      "native": false
    }
  ]
}
2024-05-07 12:31:30 - c79eb1ab-a795-42e6-9407-7238703013f0 - error: uncaughtException: listen EADDRINUSE: address already in use :::3000
Error: listen EADDRINUSE: address already in use :::3000
    at Server.setupListenHandle (node:net:1897:16)
    at Server._listen2 (/home/ditsdev152/Desktop/cab-booking/users/node_modules/async-listener/index.js:97:23)
    at listenInCluster (node:net:1945:12)
    at Server.listen (node:net:2037:7)
    at Function.listen (/home/ditsdev152/Desktop/cab-booking/users/node_modules/express/lib/application.js:635:24)
    at Object.<anonymous> (/home/ditsdev152/Desktop/cab-booking/users/.dist/index.js:22:5)
    at Module._compile (node:internal/modules/cjs/loader:1369:14)
    at Module._extensions..js (node:internal/modules/cjs/loader:1427:10)
    at Module.load (node:internal/modules/cjs/loader:1206:32)
    at Module._load (node:internal/modules/cjs/loader:1022:12) {
  "error": {
    "code": "EADDRINUSE",
    "errno": -98,
    "syscall": "listen",
    "address": "::",
    "port": 3000
  },
  "stack": "Error: listen EADDRINUSE: address already in use :::3000\n    at Server.setupListenHandle (node:net:1897:16)\n    at Server._listen2 (/home/ditsdev152/Desktop/cab-booking/users/node_modules/async-listener/index.js:97:23)\n    at listenInCluster (node:net:1945:12)\n    at Server.listen (node:net:2037:7)\n    at Function.listen (/home/ditsdev152/Desktop/cab-booking/users/node_modules/express/lib/application.js:635:24)\n    at Object.<anonymous> (/home/ditsdev152/Desktop/cab-booking/users/.dist/index.js:22:5)\n    at Module._compile (node:internal/modules/cjs/loader:1369:14)\n    at Module._extensions..js (node:internal/modules/cjs/loader:1427:10)\n    at Module.load (node:internal/modules/cjs/loader:1206:32)\n    at Module._load (node:internal/modules/cjs/loader:1022:12)",
  "exception": true,
  "date": "Tue May 07 2024 18:01:30 GMT+0530 (India Standard Time)",
  "process": {
    "pid": 226082,
    "uid": 1000,
    "gid": 1000,
    "cwd": "/home/ditsdev152/Desktop/cab-booking/users",
    "execPath": "/home/ditsdev152/.nvm/versions/node/v20.12.0/bin/node",
    "version": "v20.12.0",
    "argv": [
      "/home/ditsdev152/.nvm/versions/node/v20.12.0/bin/node",
      "/home/ditsdev152/Desktop/cab-booking/users/.dist/index.js"
    ],
    "memoryUsage": {
      "rss": 103428096,
      "heapTotal": 57270272,
      "heapUsed": 37426480,
      "external": 2422155,
      "arrayBuffers": 147449
    }
  },
  "os": {
    "loadavg": [
      1.36,
      0.88,
      1.2
    ],
    "uptime": 21384.64
  },
  "trace": [
    {
      "column": 16,
      "file": "node:net",
      "function": "Server.setupListenHandle",
      "line": 1897,
      "method": "setupListenHandle",
      "native": false
    },
    {
      "column": 23,
      "file": "/home/ditsdev152/Desktop/cab-booking/users/node_modules/async-listener/index.js",
      "function": "Server._listen2",
      "line": 97,
      "method": "_listen2",
      "native": false
    },
    {
      "column": 12,
      "file": "node:net",
      "function": "listenInCluster",
      "line": 1945,
      "method": null,
      "native": false
    },
    {
      "column": 7,
      "file": "node:net",
      "function": "Server.listen",
      "line": 2037,
      "method": "listen",
      "native": false
    },
    {
      "column": 24,
      "file": "/home/ditsdev152/Desktop/cab-booking/users/node_modules/express/lib/application.js",
      "function": "Function.listen",
      "line": 635,
      "method": "listen",
      "native": false
    },
    {
      "column": 5,
      "file": "/home/ditsdev152/Desktop/cab-booking/users/.dist/index.js",
      "function": null,
      "line": 22,
      "method": null,
      "native": false
    },
    {
      "column": 14,
      "file": "node:internal/modules/cjs/loader",
      "function": "Module._compile",
      "line": 1369,
      "method": "_compile",
      "native": false
    },
    {
      "column": 10,
      "file": "node:internal/modules/cjs/loader",
      "function": "Module._extensions..js",
      "line": 1427,
      "method": ".js",
      "native": false
    },
    {
      "column": 32,
      "file": "node:internal/modules/cjs/loader",
      "function": "Module.load",
      "line": 1206,
      "method": "load",
      "native": false
    },
    {
      "column": 12,
      "file": "node:internal/modules/cjs/loader",
      "function": "Module._load",
      "line": 1022,
      "method": "_load",
      "native": false
    }
  ]
}
2024-05-07 12:41:53 - e361381a-2dbf-44ca-85d2-8529d160f9fa - error: uncaughtException: listen EADDRINUSE: address already in use :::3000
Error: listen EADDRINUSE: address already in use :::3000
    at Server.setupListenHandle (node:net:1897:16)
    at Server._listen2 (/home/ditsdev152/Desktop/cab-booking/users/node_modules/async-listener/index.js:97:23)
    at listenInCluster (node:net:1945:12)
    at Server.listen (node:net:2037:7)
    at Function.listen (/home/ditsdev152/Desktop/cab-booking/users/node_modules/express/lib/application.js:635:24)
    at Object.<anonymous> (/home/ditsdev152/Desktop/cab-booking/users/.dist/index.js:22:5)
    at Module._compile (node:internal/modules/cjs/loader:1369:14)
    at Module._extensions..js (node:internal/modules/cjs/loader:1427:10)
    at Module.load (node:internal/modules/cjs/loader:1206:32)
    at Module._load (node:internal/modules/cjs/loader:1022:12) {
  "error": {
    "code": "EADDRINUSE",
    "errno": -98,
    "syscall": "listen",
    "address": "::",
    "port": 3000
  },
  "stack": "Error: listen EADDRINUSE: address already in use :::3000\n    at Server.setupListenHandle (node:net:1897:16)\n    at Server._listen2 (/home/ditsdev152/Desktop/cab-booking/users/node_modules/async-listener/index.js:97:23)\n    at listenInCluster (node:net:1945:12)\n    at Server.listen (node:net:2037:7)\n    at Function.listen (/home/ditsdev152/Desktop/cab-booking/users/node_modules/express/lib/application.js:635:24)\n    at Object.<anonymous> (/home/ditsdev152/Desktop/cab-booking/users/.dist/index.js:22:5)\n    at Module._compile (node:internal/modules/cjs/loader:1369:14)\n    at Module._extensions..js (node:internal/modules/cjs/loader:1427:10)\n    at Module.load (node:internal/modules/cjs/loader:1206:32)\n    at Module._load (node:internal/modules/cjs/loader:1022:12)",
  "exception": true,
  "date": "Tue May 07 2024 18:11:53 GMT+0530 (India Standard Time)",
  "process": {
    "pid": 227939,
    "uid": 1000,
    "gid": 1000,
    "cwd": "/home/ditsdev152/Desktop/cab-booking/users",
    "execPath": "/home/ditsdev152/.nvm/versions/node/v20.12.0/bin/node",
    "version": "v20.12.0",
    "argv": [
      "/home/ditsdev152/.nvm/versions/node/v20.12.0/bin/node",
      "/home/ditsdev152/Desktop/cab-booking/users/.dist/index.js"
    ],
    "memoryUsage": {
      "rss": 103440384,
      "heapTotal": 57270272,
      "heapUsed": 37523448,
      "external": 2422155,
      "arrayBuffers": 147449
    }
  },
  "os": {
    "loadavg": [
      2.75,
      1.11,
      1.05
    ],
    "uptime": 22007.7
  },
  "trace": [
    {
      "column": 16,
      "file": "node:net",
      "function": "Server.setupListenHandle",
      "line": 1897,
      "method": "setupListenHandle",
      "native": false
    },
    {
      "column": 23,
      "file": "/home/ditsdev152/Desktop/cab-booking/users/node_modules/async-listener/index.js",
      "function": "Server._listen2",
      "line": 97,
      "method": "_listen2",
      "native": false
    },
    {
      "column": 12,
      "file": "node:net",
      "function": "listenInCluster",
      "line": 1945,
      "method": null,
      "native": false
    },
    {
      "column": 7,
      "file": "node:net",
      "function": "Server.listen",
      "line": 2037,
      "method": "listen",
      "native": false
    },
    {
      "column": 24,
      "file": "/home/ditsdev152/Desktop/cab-booking/users/node_modules/express/lib/application.js",
      "function": "Function.listen",
      "line": 635,
      "method": "listen",
      "native": false
    },
    {
      "column": 5,
      "file": "/home/ditsdev152/Desktop/cab-booking/users/.dist/index.js",
      "function": null,
      "line": 22,
      "method": null,
      "native": false
    },
    {
      "column": 14,
      "file": "node:internal/modules/cjs/loader",
      "function": "Module._compile",
      "line": 1369,
      "method": "_compile",
      "native": false
    },
    {
      "column": 10,
      "file": "node:internal/modules/cjs/loader",
      "function": "Module._extensions..js",
      "line": 1427,
      "method": ".js",
      "native": false
    },
    {
      "column": 32,
      "file": "node:internal/modules/cjs/loader",
      "function": "Module.load",
      "line": 1206,
      "method": "load",
      "native": false
    },
    {
      "column": 12,
      "file": "node:internal/modules/cjs/loader",
      "function": "Module._load",
      "line": 1022,
      "method": "_load",
      "native": false
    }
  ]
}
2024-05-07 13:07:21 - 39da8ae4-377d-4892-993b-352d2c8ab531 - error: uncaughtException: listen EADDRINUSE: address already in use :::3000
Error: listen EADDRINUSE: address already in use :::3000
    at Server.setupListenHandle (node:net:1897:16)
    at Server._listen2 (/home/ditsdev152/Desktop/cab-booking/users/node_modules/async-listener/index.js:97:23)
    at listenInCluster (node:net:1945:12)
    at Server.listen (node:net:2037:7)
    at Function.listen (/home/ditsdev152/Desktop/cab-booking/users/node_modules/express/lib/application.js:635:24)
    at Object.<anonymous> (/home/ditsdev152/Desktop/cab-booking/users/.dist/index.js:22:5)
    at Module._compile (node:internal/modules/cjs/loader:1369:14)
    at Module._extensions..js (node:internal/modules/cjs/loader:1427:10)
    at Module.load (node:internal/modules/cjs/loader:1206:32)
    at Module._load (node:internal/modules/cjs/loader:1022:12) {
  "error": {
    "code": "EADDRINUSE",
    "errno": -98,
    "syscall": "listen",
    "address": "::",
    "port": 3000
  },
  "stack": "Error: listen EADDRINUSE: address already in use :::3000\n    at Server.setupListenHandle (node:net:1897:16)\n    at Server._listen2 (/home/ditsdev152/Desktop/cab-booking/users/node_modules/async-listener/index.js:97:23)\n    at listenInCluster (node:net:1945:12)\n    at Server.listen (node:net:2037:7)\n    at Function.listen (/home/ditsdev152/Desktop/cab-booking/users/node_modules/express/lib/application.js:635:24)\n    at Object.<anonymous> (/home/ditsdev152/Desktop/cab-booking/users/.dist/index.js:22:5)\n    at Module._compile (node:internal/modules/cjs/loader:1369:14)\n    at Module._extensions..js (node:internal/modules/cjs/loader:1427:10)\n    at Module.load (node:internal/modules/cjs/loader:1206:32)\n    at Module._load (node:internal/modules/cjs/loader:1022:12)",
  "exception": true,
  "date": "Tue May 07 2024 18:37:21 GMT+0530 (India Standard Time)",
  "process": {
    "pid": 233823,
    "uid": 1000,
    "gid": 1000,
    "cwd": "/home/ditsdev152/Desktop/cab-booking/users",
    "execPath": "/home/ditsdev152/.nvm/versions/node/v20.12.0/bin/node",
    "version": "v20.12.0",
    "argv": [
      "/home/ditsdev152/.nvm/versions/node/v20.12.0/bin/node",
      "/home/ditsdev152/Desktop/cab-booking/users/.dist/index.js"
    ],
    "memoryUsage": {
      "rss": 104046592,
      "heapTotal": 57270272,
      "heapUsed": 36972600,
      "external": 2422156,
      "arrayBuffers": 147450
    }
  },
  "os": {
    "loadavg": [
      1.49,
      0.99,
      0.84
    ],
    "uptime": 23535.53
  },
  "trace": [
    {
      "column": 16,
      "file": "node:net",
      "function": "Server.setupListenHandle",
      "line": 1897,
      "method": "setupListenHandle",
      "native": false
    },
    {
      "column": 23,
      "file": "/home/ditsdev152/Desktop/cab-booking/users/node_modules/async-listener/index.js",
      "function": "Server._listen2",
      "line": 97,
      "method": "_listen2",
      "native": false
    },
    {
      "column": 12,
      "file": "node:net",
      "function": "listenInCluster",
      "line": 1945,
      "method": null,
      "native": false
    },
    {
      "column": 7,
      "file": "node:net",
      "function": "Server.listen",
      "line": 2037,
      "method": "listen",
      "native": false
    },
    {
      "column": 24,
      "file": "/home/ditsdev152/Desktop/cab-booking/users/node_modules/express/lib/application.js",
      "function": "Function.listen",
      "line": 635,
      "method": "listen",
      "native": false
    },
    {
      "column": 5,
      "file": "/home/ditsdev152/Desktop/cab-booking/users/.dist/index.js",
      "function": null,
      "line": 22,
      "method": null,
      "native": false
    },
    {
      "column": 14,
      "file": "node:internal/modules/cjs/loader",
      "function": "Module._compile",
      "line": 1369,
      "method": "_compile",
      "native": false
    },
    {
      "column": 10,
      "file": "node:internal/modules/cjs/loader",
      "function": "Module._extensions..js",
      "line": 1427,
      "method": ".js",
      "native": false
    },
    {
      "column": 32,
      "file": "node:internal/modules/cjs/loader",
      "function": "Module.load",
      "line": 1206,
      "method": "load",
      "native": false
    },
    {
      "column": 12,
      "file": "node:internal/modules/cjs/loader",
      "function": "Module._load",
      "line": 1022,
      "method": "_load",
      "native": false
    }
  ]
}
2024-05-07 13:07:43 - c1e3e5c4-3789-4d54-be0e-321871456aad - error: uncaughtException: listen EADDRINUSE: address already in use :::3001
Error: listen EADDRINUSE: address already in use :::3001
    at Server.setupListenHandle (node:net:1897:16)
    at Server._listen2 (/home/ditsdev152/Desktop/cab-booking/users/node_modules/async-listener/index.js:97:23)
    at listenInCluster (node:net:1945:12)
    at Server.listen (node:net:2037:7)
    at Function.listen (/home/ditsdev152/Desktop/cab-booking/users/node_modules/express/lib/application.js:635:24)
    at Object.<anonymous> (/home/ditsdev152/Desktop/cab-booking/users/.dist/index.js:22:5)
    at Module._compile (node:internal/modules/cjs/loader:1369:14)
    at Module._extensions..js (node:internal/modules/cjs/loader:1427:10)
    at Module.load (node:internal/modules/cjs/loader:1206:32)
    at Module._load (node:internal/modules/cjs/loader:1022:12) {
  "error": {
    "code": "EADDRINUSE",
    "errno": -98,
    "syscall": "listen",
    "address": "::",
    "port": 3001
  },
  "stack": "Error: listen EADDRINUSE: address already in use :::3001\n    at Server.setupListenHandle (node:net:1897:16)\n    at Server._listen2 (/home/ditsdev152/Desktop/cab-booking/users/node_modules/async-listener/index.js:97:23)\n    at listenInCluster (node:net:1945:12)\n    at Server.listen (node:net:2037:7)\n    at Function.listen (/home/ditsdev152/Desktop/cab-booking/users/node_modules/express/lib/application.js:635:24)\n    at Object.<anonymous> (/home/ditsdev152/Desktop/cab-booking/users/.dist/index.js:22:5)\n    at Module._compile (node:internal/modules/cjs/loader:1369:14)\n    at Module._extensions..js (node:internal/modules/cjs/loader:1427:10)\n    at Module.load (node:internal/modules/cjs/loader:1206:32)\n    at Module._load (node:internal/modules/cjs/loader:1022:12)",
  "exception": true,
  "date": "Tue May 07 2024 18:37:43 GMT+0530 (India Standard Time)",
  "process": {
    "pid": 234008,
    "uid": 1000,
    "gid": 1000,
    "cwd": "/home/ditsdev152/Desktop/cab-booking/users",
    "execPath": "/home/ditsdev152/.nvm/versions/node/v20.12.0/bin/node",
    "version": "v20.12.0",
    "argv": [
      "/home/ditsdev152/.nvm/versions/node/v20.12.0/bin/node",
      "/home/ditsdev152/Desktop/cab-booking/users/.dist/index.js"
    ],
    "memoryUsage": {
      "rss": 104480768,
      "heapTotal": 57532416,
      "heapUsed": 37061240,
      "external": 2422156,
      "arrayBuffers": 147450
    }
  },
  "os": {
    "loadavg": [
      1.59,
      1.05,
      0.86
    ],
    "uptime": 23557.49
  },
  "trace": [
    {
      "column": 16,
      "file": "node:net",
      "function": "Server.setupListenHandle",
      "line": 1897,
      "method": "setupListenHandle",
      "native": false
    },
    {
      "column": 23,
      "file": "/home/ditsdev152/Desktop/cab-booking/users/node_modules/async-listener/index.js",
      "function": "Server._listen2",
      "line": 97,
      "method": "_listen2",
      "native": false
    },
    {
      "column": 12,
      "file": "node:net",
      "function": "listenInCluster",
      "line": 1945,
      "method": null,
      "native": false
    },
    {
      "column": 7,
      "file": "node:net",
      "function": "Server.listen",
      "line": 2037,
      "method": "listen",
      "native": false
    },
    {
      "column": 24,
      "file": "/home/ditsdev152/Desktop/cab-booking/users/node_modules/express/lib/application.js",
      "function": "Function.listen",
      "line": 635,
      "method": "listen",
      "native": false
    },
    {
      "column": 5,
      "file": "/home/ditsdev152/Desktop/cab-booking/users/.dist/index.js",
      "function": null,
      "line": 22,
      "method": null,
      "native": false
    },
    {
      "column": 14,
      "file": "node:internal/modules/cjs/loader",
      "function": "Module._compile",
      "line": 1369,
      "method": "_compile",
      "native": false
    },
    {
      "column": 10,
      "file": "node:internal/modules/cjs/loader",
      "function": "Module._extensions..js",
      "line": 1427,
      "method": ".js",
      "native": false
    },
    {
      "column": 32,
      "file": "node:internal/modules/cjs/loader",
      "function": "Module.load",
      "line": 1206,
      "method": "load",
      "native": false
    },
    {
      "column": 12,
      "file": "node:internal/modules/cjs/loader",
      "function": "Module._load",
      "line": 1022,
      "method": "_load",
      "native": false
    }
  ]
}
2024-05-07 13:08:05 - 1f7cf60b-2cc0-4e32-aa17-1266a47e3673 - error: uncaughtException: listen EADDRINUSE: address already in use :::3001
Error: listen EADDRINUSE: address already in use :::3001
    at Server.setupListenHandle (node:net:1897:16)
    at Server._listen2 (/home/ditsdev152/Desktop/cab-booking/users/node_modules/async-listener/index.js:97:23)
    at listenInCluster (node:net:1945:12)
    at Server.listen (node:net:2037:7)
    at Function.listen (/home/ditsdev152/Desktop/cab-booking/users/node_modules/express/lib/application.js:635:24)
    at Object.<anonymous> (/home/ditsdev152/Desktop/cab-booking/users/.dist/index.js:22:5)
    at Module._compile (node:internal/modules/cjs/loader:1369:14)
    at Module._extensions..js (node:internal/modules/cjs/loader:1427:10)
    at Module.load (node:internal/modules/cjs/loader:1206:32)
    at Module._load (node:internal/modules/cjs/loader:1022:12) {
  "error": {
    "code": "EADDRINUSE",
    "errno": -98,
    "syscall": "listen",
    "address": "::",
    "port": 3001
  },
  "stack": "Error: listen EADDRINUSE: address already in use :::3001\n    at Server.setupListenHandle (node:net:1897:16)\n    at Server._listen2 (/home/ditsdev152/Desktop/cab-booking/users/node_modules/async-listener/index.js:97:23)\n    at listenInCluster (node:net:1945:12)\n    at Server.listen (node:net:2037:7)\n    at Function.listen (/home/ditsdev152/Desktop/cab-booking/users/node_modules/express/lib/application.js:635:24)\n    at Object.<anonymous> (/home/ditsdev152/Desktop/cab-booking/users/.dist/index.js:22:5)\n    at Module._compile (node:internal/modules/cjs/loader:1369:14)\n    at Module._extensions..js (node:internal/modules/cjs/loader:1427:10)\n    at Module.load (node:internal/modules/cjs/loader:1206:32)\n    at Module._load (node:internal/modules/cjs/loader:1022:12)",
  "exception": true,
  "date": "Tue May 07 2024 18:38:05 GMT+0530 (India Standard Time)",
  "process": {
    "pid": 234199,
    "uid": 1000,
    "gid": 1000,
    "cwd": "/home/ditsdev152/Desktop/cab-booking/users",
    "execPath": "/home/ditsdev152/.nvm/versions/node/v20.12.0/bin/node",
    "version": "v20.12.0",
    "argv": [
      "/home/ditsdev152/.nvm/versions/node/v20.12.0/bin/node",
      "/home/ditsdev152/Desktop/cab-booking/users/.dist/index.js"
    ],
    "memoryUsage": {
      "rss": 103931904,
      "heapTotal": 57532416,
      "heapUsed": 37192368,
      "external": 2422156,
      "arrayBuffers": 147450
    }
  },
  "os": {
    "loadavg": [
      1.45,
      1.06,
      0.87
    ],
    "uptime": 23579.59
  },
  "trace": [
    {
      "column": 16,
      "file": "node:net",
      "function": "Server.setupListenHandle",
      "line": 1897,
      "method": "setupListenHandle",
      "native": false
    },
    {
      "column": 23,
      "file": "/home/ditsdev152/Desktop/cab-booking/users/node_modules/async-listener/index.js",
      "function": "Server._listen2",
      "line": 97,
      "method": "_listen2",
      "native": false
    },
    {
      "column": 12,
      "file": "node:net",
      "function": "listenInCluster",
      "line": 1945,
      "method": null,
      "native": false
    },
    {
      "column": 7,
      "file": "node:net",
      "function": "Server.listen",
      "line": 2037,
      "method": "listen",
      "native": false
    },
    {
      "column": 24,
      "file": "/home/ditsdev152/Desktop/cab-booking/users/node_modules/express/lib/application.js",
      "function": "Function.listen",
      "line": 635,
      "method": "listen",
      "native": false
    },
    {
      "column": 5,
      "file": "/home/ditsdev152/Desktop/cab-booking/users/.dist/index.js",
      "function": null,
      "line": 22,
      "method": null,
      "native": false
    },
    {
      "column": 14,
      "file": "node:internal/modules/cjs/loader",
      "function": "Module._compile",
      "line": 1369,
      "method": "_compile",
      "native": false
    },
    {
      "column": 10,
      "file": "node:internal/modules/cjs/loader",
      "function": "Module._extensions..js",
      "line": 1427,
      "method": ".js",
      "native": false
    },
    {
      "column": 32,
      "file": "node:internal/modules/cjs/loader",
      "function": "Module.load",
      "line": 1206,
      "method": "load",
      "native": false
    },
    {
      "column": 12,
      "file": "node:internal/modules/cjs/loader",
      "function": "Module._load",
      "line": 1022,
      "method": "_load",
      "native": false
    }
  ]
}
2024-05-07 13:08:18 - 0035dfda-28bd-4d1a-af6d-185adc30a9ac - error: uncaughtException: listen EADDRINUSE: address already in use :::3001
Error: listen EADDRINUSE: address already in use :::3001
    at Server.setupListenHandle (node:net:1897:16)
    at Server._listen2 (/home/ditsdev152/Desktop/cab-booking/users/node_modules/async-listener/index.js:97:23)
    at listenInCluster (node:net:1945:12)
    at Server.listen (node:net:2037:7)
    at Function.listen (/home/ditsdev152/Desktop/cab-booking/users/node_modules/express/lib/application.js:635:24)
    at Object.<anonymous> (/home/ditsdev152/Desktop/cab-booking/users/.dist/index.js:22:5)
    at Module._compile (node:internal/modules/cjs/loader:1369:14)
    at Module._extensions..js (node:internal/modules/cjs/loader:1427:10)
    at Module.load (node:internal/modules/cjs/loader:1206:32)
    at Module._load (node:internal/modules/cjs/loader:1022:12) {
  "error": {
    "code": "EADDRINUSE",
    "errno": -98,
    "syscall": "listen",
    "address": "::",
    "port": 3001
  },
  "stack": "Error: listen EADDRINUSE: address already in use :::3001\n    at Server.setupListenHandle (node:net:1897:16)\n    at Server._listen2 (/home/ditsdev152/Desktop/cab-booking/users/node_modules/async-listener/index.js:97:23)\n    at listenInCluster (node:net:1945:12)\n    at Server.listen (node:net:2037:7)\n    at Function.listen (/home/ditsdev152/Desktop/cab-booking/users/node_modules/express/lib/application.js:635:24)\n    at Object.<anonymous> (/home/ditsdev152/Desktop/cab-booking/users/.dist/index.js:22:5)\n    at Module._compile (node:internal/modules/cjs/loader:1369:14)\n    at Module._extensions..js (node:internal/modules/cjs/loader:1427:10)\n    at Module.load (node:internal/modules/cjs/loader:1206:32)\n    at Module._load (node:internal/modules/cjs/loader:1022:12)",
  "exception": true,
  "date": "Tue May 07 2024 18:38:18 GMT+0530 (India Standard Time)",
  "process": {
    "pid": 234353,
    "uid": 1000,
    "gid": 1000,
    "cwd": "/home/ditsdev152/Desktop/cab-booking/users",
    "execPath": "/home/ditsdev152/.nvm/versions/node/v20.12.0/bin/node",
    "version": "v20.12.0",
    "argv": [
      "/home/ditsdev152/.nvm/versions/node/v20.12.0/bin/node",
      "/home/ditsdev152/Desktop/cab-booking/users/.dist/index.js"
    ],
    "memoryUsage": {
      "rss": 104448000,
      "heapTotal": 57270272,
      "heapUsed": 37034744,
      "external": 2422156,
      "arrayBuffers": 147450
    }
  },
  "os": {
    "loadavg": [
      1.31,
      1.04,
      0.86
    ],
    "uptime": 23592.64
  },
  "trace": [
    {
      "column": 16,
      "file": "node:net",
      "function": "Server.setupListenHandle",
      "line": 1897,
      "method": "setupListenHandle",
      "native": false
    },
    {
      "column": 23,
      "file": "/home/ditsdev152/Desktop/cab-booking/users/node_modules/async-listener/index.js",
      "function": "Server._listen2",
      "line": 97,
      "method": "_listen2",
      "native": false
    },
    {
      "column": 12,
      "file": "node:net",
      "function": "listenInCluster",
      "line": 1945,
      "method": null,
      "native": false
    },
    {
      "column": 7,
      "file": "node:net",
      "function": "Server.listen",
      "line": 2037,
      "method": "listen",
      "native": false
    },
    {
      "column": 24,
      "file": "/home/ditsdev152/Desktop/cab-booking/users/node_modules/express/lib/application.js",
      "function": "Function.listen",
      "line": 635,
      "method": "listen",
      "native": false
    },
    {
      "column": 5,
      "file": "/home/ditsdev152/Desktop/cab-booking/users/.dist/index.js",
      "function": null,
      "line": 22,
      "method": null,
      "native": false
    },
    {
      "column": 14,
      "file": "node:internal/modules/cjs/loader",
      "function": "Module._compile",
      "line": 1369,
      "method": "_compile",
      "native": false
    },
    {
      "column": 10,
      "file": "node:internal/modules/cjs/loader",
      "function": "Module._extensions..js",
      "line": 1427,
      "method": ".js",
      "native": false
    },
    {
      "column": 32,
      "file": "node:internal/modules/cjs/loader",
      "function": "Module.load",
      "line": 1206,
      "method": "load",
      "native": false
    },
    {
      "column": 12,
      "file": "node:internal/modules/cjs/loader",
      "function": "Module._load",
      "line": 1022,
      "method": "_load",
      "native": false
    }
  ]
}
2024-05-07 13:31:49 - a98c8b42-85ea-4d71-b3ba-48b0205bd054 - error: uncaughtException: listen EADDRINUSE: address already in use :::3001
Error: listen EADDRINUSE: address already in use :::3001
    at Server.setupListenHandle (node:net:1897:16)
    at Server._listen2 (/home/ditsdev152/Desktop/cab-booking/users/node_modules/async-listener/index.js:97:23)
    at listenInCluster (node:net:1945:12)
    at Server.listen (node:net:2037:7)
    at Function.listen (/home/ditsdev152/Desktop/cab-booking/users/node_modules/express/lib/application.js:635:24)
    at Object.<anonymous> (/home/ditsdev152/Desktop/cab-booking/users/.dist/index.js:22:5)
    at Module._compile (node:internal/modules/cjs/loader:1369:14)
    at Module._extensions..js (node:internal/modules/cjs/loader:1427:10)
    at Module.load (node:internal/modules/cjs/loader:1206:32)
    at Module._load (node:internal/modules/cjs/loader:1022:12) {
  "error": {
    "code": "EADDRINUSE",
    "errno": -98,
    "syscall": "listen",
    "address": "::",
    "port": 3001
  },
  "stack": "Error: listen EADDRINUSE: address already in use :::3001\n    at Server.setupListenHandle (node:net:1897:16)\n    at Server._listen2 (/home/ditsdev152/Desktop/cab-booking/users/node_modules/async-listener/index.js:97:23)\n    at listenInCluster (node:net:1945:12)\n    at Server.listen (node:net:2037:7)\n    at Function.listen (/home/ditsdev152/Desktop/cab-booking/users/node_modules/express/lib/application.js:635:24)\n    at Object.<anonymous> (/home/ditsdev152/Desktop/cab-booking/users/.dist/index.js:22:5)\n    at Module._compile (node:internal/modules/cjs/loader:1369:14)\n    at Module._extensions..js (node:internal/modules/cjs/loader:1427:10)\n    at Module.load (node:internal/modules/cjs/loader:1206:32)\n    at Module._load (node:internal/modules/cjs/loader:1022:12)",
  "exception": true,
  "date": "Tue May 07 2024 19:01:49 GMT+0530 (India Standard Time)",
  "process": {
    "pid": 238301,
    "uid": 1000,
    "gid": 1000,
    "cwd": "/home/ditsdev152/Desktop/cab-booking/users",
    "execPath": "/home/ditsdev152/.nvm/versions/node/v20.12.0/bin/node",
    "version": "v20.12.0",
    "argv": [
      "/home/ditsdev152/.nvm/versions/node/v20.12.0/bin/node",
      "/home/ditsdev152/Desktop/cab-booking/users/.dist/index.js"
    ],
    "memoryUsage": {
      "rss": 105644032,
      "heapTotal": 59105280,
      "heapUsed": 29477680,
      "external": 2422148,
      "arrayBuffers": 147442
    }
  },
  "os": {
    "loadavg": [
      1.16,
      0.56,
      0.48
    ],
    "uptime": 25003.73
  },
  "trace": [
    {
      "column": 16,
      "file": "node:net",
      "function": "Server.setupListenHandle",
      "line": 1897,
      "method": "setupListenHandle",
      "native": false
    },
    {
      "column": 23,
      "file": "/home/ditsdev152/Desktop/cab-booking/users/node_modules/async-listener/index.js",
      "function": "Server._listen2",
      "line": 97,
      "method": "_listen2",
      "native": false
    },
    {
      "column": 12,
      "file": "node:net",
      "function": "listenInCluster",
      "line": 1945,
      "method": null,
      "native": false
    },
    {
      "column": 7,
      "file": "node:net",
      "function": "Server.listen",
      "line": 2037,
      "method": "listen",
      "native": false
    },
    {
      "column": 24,
      "file": "/home/ditsdev152/Desktop/cab-booking/users/node_modules/express/lib/application.js",
      "function": "Function.listen",
      "line": 635,
      "method": "listen",
      "native": false
    },
    {
      "column": 5,
      "file": "/home/ditsdev152/Desktop/cab-booking/users/.dist/index.js",
      "function": null,
      "line": 22,
      "method": null,
      "native": false
    },
    {
      "column": 14,
      "file": "node:internal/modules/cjs/loader",
      "function": "Module._compile",
      "line": 1369,
      "method": "_compile",
      "native": false
    },
    {
      "column": 10,
      "file": "node:internal/modules/cjs/loader",
      "function": "Module._extensions..js",
      "line": 1427,
      "method": ".js",
      "native": false
    },
    {
      "column": 32,
      "file": "node:internal/modules/cjs/loader",
      "function": "Module.load",
      "line": 1206,
      "method": "load",
      "native": false
    },
    {
      "column": 12,
      "file": "node:internal/modules/cjs/loader",
      "function": "Module._load",
      "line": 1022,
      "method": "_load",
      "native": false
    }
  ]
}
